-------------------------------------------------------------------------------
Test set: FinalProject.Runner
-------------------------------------------------------------------------------
Tests run: 5, Failures: 1, Errors: 1, Skipped: 0, Time elapsed: 59.892 s <<< FAILURE! - in FinalProject.Runner
Final Project.Buying the cheapest jacket  Time elapsed: 26.518 s  <<< FAILURE!
java.lang.AssertionError
	at org.junit.Assert.fail(Assert.java:87)
	at org.junit.Assert.assertTrue(Assert.java:42)
	at org.junit.Assert.assertTrue(Assert.java:53)
	at FinalProject.PO.ProductPO.verifyQuantity(ProductPO.java:83)
	at FinalProject.steps.ProductsSteps.iVerifyTheQuantity(ProductsSteps.java:51)
	at ✽.I verify the quantity(file:///C:/Users/esaug/OneDrive%20-%20advancio.com/Documents/GitHub/Final-Project---SeleniumCourse/src/test/resources/features/SwagLabs.feature:12)

Final Project.prueba  Time elapsed: 0.177 s  <<< ERROR!
io.cucumber.junit.UndefinedStepException: 
The step 'I click on proceed to checkout' and 29 other step(s) are undefined.
You can implement these steps using the snippet(s) below:

@Then("I click on proceed to checkout")
public void i_click_on_proceed_to_checkout() {
    // Write code here that turns the phrase above into concrete actions
    throw new io.cucumber.java.PendingException();
}
@Then("I fill Email address")
public void i_fill_email_address() {
    // Write code here that turns the phrase above into concrete actions
    throw new io.cucumber.java.PendingException();
}
@Then("I fill First Name")
public void i_fill_first_name() {
    // Write code here that turns the phrase above into concrete actions
    throw new io.cucumber.java.PendingException();
}
@Then("I fill Last Name")
public void i_fill_last_name() {
    // Write code here that turns the phrase above into concrete actions
    throw new io.cucumber.java.PendingException();
}
@Then("I fill Company")
public void i_fill_company() {
    // Write code here that turns the phrase above into concrete actions
    throw new io.cucumber.java.PendingException();
}
@Then("I fill Street Address")
public void i_fill_street_address() {
    // Write code here that turns the phrase above into concrete actions
    throw new io.cucumber.java.PendingException();
}
@Then("I fill City")
public void i_fill_city() {
    // Write code here that turns the phrase above into concrete actions
    throw new io.cucumber.java.PendingException();
}
@Then("I select State\\/Province")
public void i_select_state_province() {
    // Write code here that turns the phrase above into concrete actions
    throw new io.cucumber.java.PendingException();
}
@Then("I fill Zip\\/Postal Code")
public void i_fill_zip_postal_code() {
    // Write code here that turns the phrase above into concrete actions
    throw new io.cucumber.java.PendingException();
}
@Then("I select Country")
public void i_select_country() {
    // Write code here that turns the phrase above into concrete actions
    throw new io.cucumber.java.PendingException();
}
@Then("I fill Phone Number")
public void i_fill_phone_number() {
    // Write code here that turns the phrase above into concrete actions
    throw new io.cucumber.java.PendingException();
}
@Then("I select Shipping Methods")
public void i_select_shipping_methods() {
    // Write code here that turns the phrase above into concrete actions
    throw new io.cucumber.java.PendingException();
}
@Then("I click Next")
public void i_click_next() {
    // Write code here that turns the phrase above into concrete actions
    throw new io.cucumber.java.PendingException();
}
@Then("I verify the Product")
public void i_verify_the_product() {
    // Write code here that turns the phrase above into concrete actions
    throw new io.cucumber.java.PendingException();
}
@Then("I verify the Cart Subtotal")
public void i_verify_the_cart_subtotal() {
    // Write code here that turns the phrase above into concrete actions
    throw new io.cucumber.java.PendingException();
}
@Then("I verify the Shipping Address")
public void i_verify_the_shipping_address() {
    // Write code here that turns the phrase above into concrete actions
    throw new io.cucumber.java.PendingException();
}
@Then("I click on Place Order")
public void i_click_on_place_order() {
    // Write code here that turns the phrase above into concrete actions
    throw new io.cucumber.java.PendingException();
}
@Then("I save the Order Number")
public void i_save_the_order_number() {
    // Write code here that turns the phrase above into concrete actions
    throw new io.cucumber.java.PendingException();
}
@Then("I create an account")
public void i_create_an_account() {
    // Write code here that turns the phrase above into concrete actions
    throw new io.cucumber.java.PendingException();
}
@Then("I fill the Password")
public void i_fill_the_password() {
    // Write code here that turns the phrase above into concrete actions
    throw new io.cucumber.java.PendingException();
}
@Then("I fill the Confirm Password")
public void i_fill_the_confirm_password() {
    // Write code here that turns the phrase above into concrete actions
    throw new io.cucumber.java.PendingException();
}
@Then("I click on Create an Account")
public void i_click_on_create_an_account() {
    // Write code here that turns the phrase above into concrete actions
    throw new io.cucumber.java.PendingException();
}
@Then("I click on View Order")
public void i_click_on_view_order() {
    // Write code here that turns the phrase above into concrete actions
    throw new io.cucumber.java.PendingException();
}
@Then("I verify the Order Number")
public void i_verify_the_order_number() {
    // Write code here that turns the phrase above into concrete actions
    throw new io.cucumber.java.PendingException();
}
@Then("I click on Print Order")
public void i_click_on_print_order() {
    // Write code here that turns the phrase above into concrete actions
    throw new io.cucumber.java.PendingException();
}
@Then("I select Save as PDF")
public void i_select_save_as_pdf() {
    // Write code here that turns the phrase above into concrete actions
    throw new io.cucumber.java.PendingException();
}
@Then("I click on Save")
public void i_click_on_save() {
    // Write code here that turns the phrase above into concrete actions
    throw new io.cucumber.java.PendingException();
}
@Then("I click on open the file")
public void i_click_on_open_the_file() {
    // Write code here that turns the phrase above into concrete actions
    throw new io.cucumber.java.PendingException();
}


