<?xml version="1.0" encoding="UTF-8"?>
<testsuite xmlns:xsi="http://www.w3.org/2001/XMLSchema-instance" xsi:noNamespaceSchemaLocation="https://maven.apache.org/surefire/maven-failsafe-plugin/xsd/failsafe-test-report-3.0.xsd" version="3.0" name="Class6BDD.Runner" time="42.702" tests="3" errors="0" skipped="0" failures="0">
  <properties>
[...]
</properties>
  <testcase name="Login with standard_user" classname="SwagLabs Login tests" time="18.07">
    <system-out><![CDATA[11:15:50.518 [main] DEBUG net.thucydides.core.guice.Injectors - Created injector for module net.thucydides.core.guice.ThucydidesModule
11:15:50.732 [main] INFO io.cucumber.core.plugin.SerenityReporter - Running feature from file:///C:/Users/esaug/OneDrive%20-%20advancio.com/Documents/GitHub/Final-Project---SeleniumCourse/src/test/resources/features/SwagLabs.feature
11:15:50.903 [main] DEBUG net.thucydides.core.guice.Injectors - Created injector for module net.thucydides.core.guice.webdriver.WebDriverModule
11:15:50.918 [main] INFO  - 

-------------------------------------------------------------------------------------
     _______. _______ .______       _______ .__   __.  __  .___________.____    ____ 
    /       ||   ____||   _  \     |   ____||  \ |  | |  | |           |\   \  /   / 
   |   (----`|  |__   |  |_)  |    |  |__   |   \|  | |  | `---|  |----` \   \/   /  
    \   \    |   __|  |      /     |   __|  |  . `  | |  |     |  |       \_    _/   
.----)   |   |  |____ |  |\  \----.|  |____ |  |\   | |  |     |  |         |  |     
|_______/    |_______|| _| `._____||_______||__| \__| |__|     |__|         |__|    
                                                                                     
 News and tutorials at http://www.serenity-bdd.info                                  
 Documentation at https://wakaleo.gitbooks.io/the-serenity-book/content/             
 Join the Serenity Community on Gitter: https://gitter.im/serenity-bdd/serenity-core 
 Serenity BDD Support and Training at http://serenity-bdd.info/#/trainingandsupport  
-------------------------------------------------------------------------------------

11:15:50.920 [main] DEBUG net.thucydides.core.steps.StepEventBus - Test suite started for story net.thucydides.core.model.Story@fad66ad8
11:15:50.921 [main] INFO  - Test Suite Started: SwagLabs Login tests
11:15:50.966 [main] INFO io.cucumber.core.plugin.SerenityReporter - Running feature from file:///C:/Users/esaug/OneDrive%20-%20advancio.com/Documents/GitHub/Final-Project---SeleniumCourse/src/test/resources/features/SwagLabs.feature
11:15:50.972 [main] DEBUG net.thucydides.core.steps.StepEventBus - Test suite started for story net.thucydides.core.model.Story@fad66ad8
11:15:50.973 [main] INFO  - Test Suite Started: SwagLabs Login tests

Scenario: Login with standard_user           &amp#27;[90m# src/test/resources/features/SwagLabs.feature:2&amp#27;[0m
11:15:51.162 [main] INFO io.cucumber.core.plugin.SerenityReporter - Running feature from file:///C:/Users/esaug/OneDrive%20-%20advancio.com/Documents/GitHub/Final-Project---SeleniumCourse/src/test/resources/features/SwagLabs.feature
11:15:51.292 [main] INFO  - 
  _____   ___   ___   _____     ___   _____     _     ___   _____   ___   ___  
 |_   _| | __| / __| |_   _|   / __| |_   _|   /_\   | _ \ |_   _| | __| |   \ 
   | |   | _|  \__ \   | |     \__ \   | |    / _ \  |   /   | |   | _|  | |) |
   |_|   |___| |___/   |_|     |___/   |_|   /_/ \_\ |_|_\   |_|   |___| |___/ 

Login with standard_user(swaglabs-login-tests;login-with-standard-user)
--------------------------------------------------------------------------------
11:15:52.061 [main] INFO net.serenitybdd.core.webdriver.driverproviders.ChromeDriverProvider - Starting Chrome driver instance with capabilities:
11:15:52.063 [main] INFO net.serenitybdd.core.webdriver.driverproviders.ChromeDriverProvider - Capabilities {acceptInsecureCerts: false, browserName: chrome, goog:chromeOptions: {args: [--window-size=1920,1080, --headless], extensions: []}}
11:15:52.118 [main] DEBUG io.netty.util.internal.logging.InternalLoggerFactory - Using SLF4J as the default logging framework
11:15:52.120 [main] DEBUG io.netty.util.ResourceLeakDetector - -Dio.netty.leakDetection.level: simple
11:15:52.120 [main] DEBUG io.netty.util.ResourceLeakDetector - -Dio.netty.leakDetection.targetRecords: 4
11:15:52.124 [main] DEBUG io.netty.util.ResourceLeakDetectorFactory - Loaded default ResourceLeakDetector: io.netty.util.ResourceLeakDetector@75d982d3
11:15:52.148 [main] DEBUG io.netty.util.internal.PlatformDependent0 - -Dio.netty.noUnsafe: false
11:15:52.149 [main] DEBUG io.netty.util.internal.PlatformDependent0 - Java version: 19
11:15:52.150 [main] DEBUG io.netty.util.internal.PlatformDependent0 - sun.misc.Unsafe.theUnsafe: available
11:15:52.151 [main] DEBUG io.netty.util.internal.PlatformDependent0 - sun.misc.Unsafe.copyMemory: available
11:15:52.152 [main] DEBUG io.netty.util.internal.PlatformDependent0 - sun.misc.Unsafe.storeFence: available
11:15:52.152 [main] DEBUG io.netty.util.internal.PlatformDependent0 - java.nio.Buffer.address: available
11:15:52.153 [main] DEBUG io.netty.util.internal.PlatformDependent0 - direct buffer constructor: unavailable: Reflective setAccessible(true) disabled
11:15:52.153 [main] DEBUG io.netty.util.internal.PlatformDependent0 - java.nio.Bits.unaligned: available, true
11:15:52.155 [main] DEBUG io.netty.util.internal.PlatformDependent0 - jdk.internal.misc.Unsafe.allocateUninitializedArray(int): unavailable: class io.netty.util.internal.PlatformDependent0$7 cannot access class jdk.internal.misc.Unsafe (in module java.base) because module java.base does not export jdk.internal.misc to unnamed module @74650e52
11:15:52.156 [main] DEBUG io.netty.util.internal.PlatformDependent0 - java.nio.DirectByteBuffer.<init>(long, int): unavailable
11:15:52.156 [main] DEBUG io.netty.util.internal.PlatformDependent - sun.misc.Unsafe: available
11:15:52.158 [main] DEBUG io.netty.util.internal.PlatformDependent - maxDirectMemory: 4263510016 bytes (maybe)
11:15:52.159 [main] DEBUG io.netty.util.internal.PlatformDependent - -Dio.netty.tmpdir: C:\Users\esaug\AppData\Local\Temp (java.io.tmpdir)
11:15:52.159 [main] DEBUG io.netty.util.internal.PlatformDependent - -Dio.netty.bitMode: 64 (sun.arch.data.model)
11:15:52.160 [main] DEBUG io.netty.util.internal.PlatformDependent - Platform: Windows
11:15:52.160 [main] DEBUG io.netty.util.internal.PlatformDependent - -Dio.netty.maxDirectMemory: -1 bytes
11:15:52.160 [main] DEBUG io.netty.util.internal.PlatformDependent - -Dio.netty.uninitializedArrayAllocationThreshold: -1
11:15:52.162 [main] DEBUG io.netty.util.internal.CleanerJava9 - java.nio.ByteBuffer.cleaner(): available
11:15:52.162 [main] DEBUG io.netty.util.internal.PlatformDependent - -Dio.netty.noPreferDirect: false
11:15:52.172 [main] DEBUG io.netty.util.internal.PlatformDependent - org.jctools-core.MpscChunkedArrayQueue: available
11:15:52.212 [main] DEBUG io.netty.util.internal.InternalThreadLocalMap - -Dio.netty.threadLocalMap.stringBuilder.initialSize: 1024
11:15:52.213 [main] DEBUG io.netty.util.internal.InternalThreadLocalMap - -Dio.netty.threadLocalMap.stringBuilder.maxSize: 4096
11:15:52.437 [main] DEBUG io.netty.handler.ssl.JdkSslContext - Default protocols (JDK): [TLSv1.3, TLSv1.2] 
11:15:52.438 [main] DEBUG io.netty.handler.ssl.JdkSslContext - Default cipher suites (JDK): [TLS_ECDHE_ECDSA_WITH_AES_256_GCM_SHA384, TLS_ECDHE_ECDSA_WITH_AES_128_GCM_SHA256, TLS_ECDHE_RSA_WITH_AES_128_GCM_SHA256, TLS_ECDHE_RSA_WITH_AES_256_GCM_SHA384, TLS_ECDHE_RSA_WITH_AES_128_CBC_SHA, TLS_ECDHE_RSA_WITH_AES_256_CBC_SHA, TLS_RSA_WITH_AES_128_GCM_SHA256, TLS_RSA_WITH_AES_128_CBC_SHA, TLS_RSA_WITH_AES_256_CBC_SHA, TLS_AES_128_GCM_SHA256, TLS_AES_256_GCM_SHA384]
11:15:52.469 [main] DEBUG io.netty.channel.MultithreadEventLoopGroup - -Dio.netty.eventLoopThreads: 16
11:15:52.478 [main] DEBUG io.netty.channel.nio.NioEventLoop - -Dio.netty.noKeySetOptimization: false
11:15:52.479 [main] DEBUG io.netty.channel.nio.NioEventLoop - -Dio.netty.selectorAutoRebuildThreshold: 512
11:15:52.531 [main] DEBUG io.netty.buffer.PooledByteBufAllocator - -Dio.netty.allocator.numHeapArenas: 16
11:15:52.532 [main] DEBUG io.netty.buffer.PooledByteBufAllocator - -Dio.netty.allocator.numDirectArenas: 16
11:15:52.532 [main] DEBUG io.netty.buffer.PooledByteBufAllocator - -Dio.netty.allocator.pageSize: 8192
11:15:52.532 [main] DEBUG io.netty.buffer.PooledByteBufAllocator - -Dio.netty.allocator.maxOrder: 9
11:15:52.532 [main] DEBUG io.netty.buffer.PooledByteBufAllocator - -Dio.netty.allocator.chunkSize: 4194304
11:15:52.532 [main] DEBUG io.netty.buffer.PooledByteBufAllocator - -Dio.netty.allocator.smallCacheSize: 256
11:15:52.532 [main] DEBUG io.netty.buffer.PooledByteBufAllocator - -Dio.netty.allocator.normalCacheSize: 64
11:15:52.532 [main] DEBUG io.netty.buffer.PooledByteBufAllocator - -Dio.netty.allocator.maxCachedBufferCapacity: 32768
11:15:52.532 [main] DEBUG io.netty.buffer.PooledByteBufAllocator - -Dio.netty.allocator.cacheTrimInterval: 8192
11:15:52.532 [main] DEBUG io.netty.buffer.PooledByteBufAllocator - -Dio.netty.allocator.cacheTrimIntervalMillis: 0
11:15:52.532 [main] DEBUG io.netty.buffer.PooledByteBufAllocator - -Dio.netty.allocator.useCacheForAllThreads: false
11:15:52.532 [main] DEBUG io.netty.buffer.PooledByteBufAllocator - -Dio.netty.allocator.maxCachedByteBuffersPerChunk: 1023
11:15:52.542 [main] DEBUG io.netty.buffer.ByteBufUtil - -Dio.netty.allocator.type: pooled
11:15:52.542 [main] DEBUG io.netty.buffer.ByteBufUtil - -Dio.netty.threadLocalDirectBufferSize: 0
11:15:52.542 [main] DEBUG io.netty.buffer.ByteBufUtil - -Dio.netty.maxThreadLocalCharBufferSize: 16384
11:15:52.937 [Forwarding newSession on session null to remote] DEBUG io.netty.channel.DefaultChannelId - -Dio.netty.processId: 18376 (auto-detected)
11:15:52.938 [Forwarding newSession on session null to remote] DEBUG io.netty.util.NetUtil - -Djava.net.preferIPv4Stack: false
11:15:52.938 [Forwarding newSession on session null to remote] DEBUG io.netty.util.NetUtil - -Djava.net.preferIPv6Addresses: false
11:15:52.968 [Forwarding newSession on session null to remote] DEBUG io.netty.util.NetUtilInitializations - Loopback interface: lo (Software Loopback Interface 1, 127.0.0.1)
11:15:52.970 [Forwarding newSession on session null to remote] DEBUG io.netty.util.NetUtil - Failed to get SOMAXCONN from sysctl and file \proc\sys\net\core\somaxconn. Default: 200
11:15:53.055 [Forwarding newSession on session null to remote] DEBUG io.netty.channel.DefaultChannelId - -Dio.netty.machineId: 10:5b:ad:ff:fe:b4:37:b5 (auto-detected)
11:15:53.132 [AsyncHttpClient-1-2] DEBUG io.netty.buffer.AbstractByteBuf - -Dio.netty.buffer.checkAccessible: true
11:15:53.132 [AsyncHttpClient-1-2] DEBUG io.netty.buffer.AbstractByteBuf - -Dio.netty.buffer.checkBounds: true
11:15:53.132 [AsyncHttpClient-1-2] DEBUG io.netty.util.ResourceLeakDetectorFactory - Loaded default ResourceLeakDetector: io.netty.util.ResourceLeakDetector@3654b722
11:15:53.150 [AsyncHttpClient-1-2] DEBUG org.asynchttpclient.netty.channel.NettyConnectListener - Using new Channel '[id: 0x9d045e13, L:/127.0.0.1:64286 - R:localhost/127.0.0.1:16881]' for 'POST' to '/session'
11:15:53.170 [AsyncHttpClient-1-2] DEBUG io.netty.util.Recycler - -Dio.netty.recycler.maxCapacityPerThread: 4096
11:15:53.170 [AsyncHttpClient-1-2] DEBUG io.netty.util.Recycler - -Dio.netty.recycler.ratio: 8
11:15:53.170 [AsyncHttpClient-1-2] DEBUG io.netty.util.Recycler - -Dio.netty.recycler.chunkSize: 32
11:15:53.170 [AsyncHttpClient-1-2] DEBUG io.netty.util.Recycler - -Dio.netty.recycler.blocking: false
11:15:54.573 [AsyncHttpClient-1-2] DEBUG io.netty.handler.codec.compression.Brotli - brotli4j not in the classpath; Brotli support will be unavailable.
11:15:54.573 [AsyncHttpClient-1-2] DEBUG org.asynchttpclient.netty.handler.HttpHandler - 

Request DefaultHttpRequest(decodeResult: success, version: HTTP/1.1)
POST /session HTTP/1.1
User-Agent: selenium/4.7.1 (java windows)
Content-Length: 557
Content-Type: application/json; charset=utf-8
host: localhost:16881
accept: */*

Response DefaultHttpResponse(decodeResult: success, version: HTTP/1.1)
HTTP/1.1 200 OK
Content-Type: application/json; charset=utf-8
cache-control: no-cache
content-length: 790

11:15:54.581 [AsyncHttpClient-1-2] DEBUG org.asynchttpclient.netty.channel.ChannelManager - Adding key: http://localhost:16881 for channel [id: 0x9d045e13, L:/127.0.0.1:64286 - R:localhost/127.0.0.1:16881]
11:15:54.669 [AsyncHttpClient-1-3] DEBUG org.asynchttpclient.netty.channel.NettyConnectListener - Using new Channel '[id: 0x5dfb3eba, L:/127.0.0.1:64293 - R:localhost/127.0.0.1:64287]' for 'GET' to '/json/version'
11:15:54.672 [AsyncHttpClient-1-3] DEBUG org.asynchttpclient.netty.handler.HttpHandler - 

Request DefaultFullHttpRequest(decodeResult: success, version: HTTP/1.1, content: EmptyByteBufBE)
GET /json/version HTTP/1.1
User-Agent: selenium/4.7.1 (java windows)
host: localhost:64287
accept: */*

Response DefaultHttpResponse(decodeResult: success, version: HTTP/1.1)
HTTP/1.1 200 OK
Content-Security-Policy: frame-ancestors 'none'
Content-Type: application/json; charset=UTF-8
content-length: 445

11:15:54.673 [AsyncHttpClient-1-3] DEBUG org.asynchttpclient.netty.channel.ChannelManager - Adding key: http://localhost:64287 for channel [id: 0x5dfb3eba, L:/127.0.0.1:64293 - R:localhost/127.0.0.1:64287]
11:15:54.684 [main] DEBUG io.netty.util.internal.ThreadLocalRandom - -Dio.netty.initialSeedUniquifier: 0x474514ff17e7cfff
11:15:54.688 [AsyncHttpClient-1-4] DEBUG org.asynchttpclient.netty.channel.NettyConnectListener - Using new Channel '[id: 0x1dd10f57, L:/127.0.0.1:64294 - R:localhost/127.0.0.1:64287]' for 'GET' to '/devtools/browser/b586c57c-4a4d-4c31-8aef-aed51369e970'
11:15:54.691 [AsyncHttpClient-1-4] DEBUG org.asynchttpclient.netty.handler.WebSocketHandler - 

Request DefaultFullHttpRequest(decodeResult: success, version: HTTP/1.1, content: EmptyByteBufBE)
GET /devtools/browser/b586c57c-4a4d-4c31-8aef-aed51369e970 HTTP/1.1
upgrade: websocket
connection: upgrade
sec-websocket-key: 6RH0pNCifJ39+kpZiqKIig==
sec-websocket-version: 13
origin: http://localhost:64287
host: localhost:64287
accept: */*
user-agent: AHC/2.1

Response DefaultHttpResponse(decodeResult: success, version: HTTP/1.1)
HTTP/1.1 101 WebSocket Protocol Handshake
Upgrade: WebSocket
Connection: Upgrade
Sec-WebSocket-Accept: AzH2V+t2qUZ1eNY3uMb0LvFWDYs=

11:15:55.660 [main] DEBUG net.thucydides.core.reflection.ClassFinder - Could not load class .Class6BDD.PO.CartPo
11:15:55.661 [main] DEBUG net.thucydides.core.reflection.ClassFinder - Could not load class .Class6BDD.PO.LoginPo
11:15:55.661 [main] DEBUG net.thucydides.core.reflection.ClassFinder - Could not load class .Class6BDD.PO.ProductsPo
11:15:55.661 [main] DEBUG net.thucydides.core.reflection.ClassFinder - Could not load class .Class6BDD.Runner
11:15:55.661 [main] DEBUG net.thucydides.core.reflection.ClassFinder - Could not load class .Class6BDD.SwagLabsTests
11:15:55.661 [main] DEBUG net.thucydides.core.reflection.ClassFinder - Could not load class .Class6BDD.driver.DriverBase
11:15:55.661 [main] DEBUG net.thucydides.core.reflection.ClassFinder - Could not load class .Class6BDD.driver.DriverManager
11:15:55.661 [main] DEBUG net.thucydides.core.reflection.ClassFinder - Could not load class .Class6BDD.steps.CartSteps
11:15:55.661 [main] DEBUG net.thucydides.core.reflection.ClassFinder - Could not load class .Class6BDD.steps.CommonSteps
11:15:55.661 [main] DEBUG net.thucydides.core.reflection.ClassFinder - Could not load class .Class6BDD.steps.LoginSteps
11:15:55.661 [main] DEBUG net.thucydides.core.reflection.ClassFinder - Could not load class .Class6BDD.steps.ProductSteps
11:15:55.662 [main] DEBUG net.thucydides.core.reflection.ClassFinder - Could not load class META-INF.versions.9.com.sun.istack.logging.StackHelper
11:15:55.663 [main] DEBUG net.thucydides.core.reflection.ClassFinder - Could not load class META-INF.versions.9.com.sun.xml.bind.v2.runtime.reflect.opt.AccessorInjector
11:15:55.663 [main] DEBUG net.thucydides.core.reflection.ClassFinder - Could not load class META-INF.versions.9.com.sun.xml.bind.v2.runtime.reflect.opt.Injector
11:15:55.664 [main] DEBUG net.thucydides.core.reflection.ClassFinder - Could not load class META-INF.versions.9.com.sun.xml.bind.v2.runtime.reflect.opt.OptimizedAccessorFactory
11:15:55.664 [main] DEBUG net.thucydides.core.reflection.ClassFinder - Could not load class META-INF.versions.9.com.sun.xml.bind.v2.runtime.reflect.opt.OptimizedTransducedAccessorFactory
11:15:55.664 [main] DEBUG net.thucydides.core.reflection.ClassFinder - Could not load class META-INF.versions.9.io.opentelemetry.sdk.internal.CurrentJavaVersionSpecific
11:15:55.664 [main] DEBUG net.thucydides.core.reflection.ClassFinder - Could not load class META-INF.versions.9.io.opentelemetry.sdk.internal.Java9VersionSpecific
11:15:55.665 [main] DEBUG net.thucydides.core.reflection.ClassFinder - Could not load class META-INF.versions.9.javax.xml.bind.ModuleUtil
11:15:55.665 [main] DEBUG net.thucydides.core.reflection.ClassFinder - Could not load class META-INF.versions.9.module-info
11:15:55.665 [main] DEBUG net.thucydides.core.reflection.ClassFinder - Could not load class META-INF.versions.9.org.codehaus.plexus.languages.java.jpms.BinaryModuleInfoParser
11:15:55.666 [main] DEBUG net.thucydides.core.reflection.ClassFinder - Could not load class META-INF.versions.9.org.codehaus.plexus.languages.java.jpms.CmdModuleNameExtractor
11:15:55.679 [AsyncHttpClient-1-1] DEBUG org.asynchttpclient.netty.channel.DefaultChannelPool - Entry count for : http://localhost:16881 : 1
11:15:55.679 [AsyncHttpClient-1-1] DEBUG org.asynchttpclient.netty.channel.DefaultChannelPool - Entry count for : http://localhost:64287 : 1
11:15:56.061 [main] DEBUG net.thucydides.core.reflection.ClassFinder - Could not load class com.google.gson.internal.
11:15:56.273 [main] DEBUG net.thucydides.core.reflection.ClassFinder - Could not load class com.sun.xml.bind.v2.runtime.output.FastInfosetStreamWriterOutput
11:15:56.786 [AsyncHttpClient-1-1] DEBUG org.asynchttpclient.netty.channel.DefaultChannelPool - Entry count for : http://localhost:16881 : 1
11:15:56.787 [AsyncHttpClient-1-1] DEBUG org.asynchttpclient.netty.channel.DefaultChannelPool - Entry count for : http://localhost:64287 : 1
11:15:56.856 [main] DEBUG net.thucydides.core.reflection.ClassFinder - Could not load class module-info
11:15:57.689 [main] DEBUG net.thucydides.core.reflection.ClassFinder - Could not load class org.assertj.core.api.JUnitJupiterBDDSoftAssertions
11:15:57.690 [main] DEBUG net.thucydides.core.reflection.ClassFinder - Could not load class org.assertj.core.api.JUnitJupiterSoftAssertions
11:15:57.716 [main] DEBUG net.thucydides.core.reflection.ClassFinder - Could not load class org.assertj.core.api.junit.jupiter.SoftAssertionsExtension
11:15:57.717 [main] DEBUG net.thucydides.core.reflection.ClassFinder - Could not load class org.assertj.core.api.junit.jupiter.SoftlyExtension
11:15:57.733 [main] DEBUG net.thucydides.core.reflection.ClassFinder - Could not load class org.assertj.core.error.AssertJMultipleFailuresError
11:15:57.887 [AsyncHttpClient-1-1] DEBUG org.asynchttpclient.netty.channel.DefaultChannelPool - Entry count for : http://localhost:16881 : 1
11:15:57.887 [AsyncHttpClient-1-1] DEBUG org.asynchttpclient.netty.channel.DefaultChannelPool - Entry count for : http://localhost:64287 : 1
11:15:58.980 [AsyncHttpClient-1-1] DEBUG org.asynchttpclient.netty.channel.DefaultChannelPool - Entry count for : http://localhost:16881 : 1
11:15:58.982 [AsyncHttpClient-1-1] DEBUG org.asynchttpclient.netty.channel.DefaultChannelPool - Entry count for : http://localhost:64287 : 1
11:16:00.079 [AsyncHttpClient-1-1] DEBUG org.asynchttpclient.netty.channel.DefaultChannelPool - Entry count for : http://localhost:16881 : 1
11:16:00.079 [AsyncHttpClient-1-1] DEBUG org.asynchttpclient.netty.channel.DefaultChannelPool - Entry count for : http://localhost:64287 : 1
11:16:01.178 [AsyncHttpClient-1-1] DEBUG org.asynchttpclient.netty.channel.DefaultChannelPool - Entry count for : http://localhost:16881 : 1
11:16:01.178 [AsyncHttpClient-1-1] DEBUG org.asynchttpclient.netty.channel.DefaultChannelPool - Entry count for : http://localhost:64287 : 1
11:16:01.341 [Forwarding maximizeCurrentWindow on session c2d42de92a345c0f7a4eda71ace5f8ad to remote] DEBUG org.asynchttpclient.netty.request.NettyRequestSender - Using pooled Channel '[id: 0x9d045e13, L:/127.0.0.1:64286 - R:localhost/127.0.0.1:16881]' for 'POST' to 'http://localhost:16881/session/c2d42de92a345c0f7a4eda71ace5f8ad/window/maximize'
11:16:01.341 [Forwarding maximizeCurrentWindow on session c2d42de92a345c0f7a4eda71ace5f8ad to remote] DEBUG org.asynchttpclient.netty.request.NettyRequestSender - Using open Channel [id: 0x9d045e13, L:/127.0.0.1:64286 - R:localhost/127.0.0.1:16881] for POST '/session/c2d42de92a345c0f7a4eda71ace5f8ad/window/maximize'
11:16:01.457 [AsyncHttpClient-1-2] DEBUG org.asynchttpclient.netty.handler.HttpHandler - 

Request DefaultHttpRequest(decodeResult: success, version: HTTP/1.1)
POST /session/c2d42de92a345c0f7a4eda71ace5f8ad/window/maximize HTTP/1.1
User-Agent: selenium/4.7.1 (java windows)
Content-Length: 3
Content-Type: application/json; charset=utf-8
host: localhost:16881
accept: */*

Response DefaultHttpResponse(decodeResult: success, version: HTTP/1.1)
HTTP/1.1 200 OK
Content-Type: application/json; charset=utf-8
cache-control: no-cache
content-length: 50

11:16:01.458 [AsyncHttpClient-1-2] DEBUG org.asynchttpclient.netty.channel.ChannelManager - Adding key: http://localhost:16881 for channel [id: 0x9d045e13, L:/127.0.0.1:64286 - R:localhost/127.0.0.1:16881]
11:16:01.478 [Forwarding get on session c2d42de92a345c0f7a4eda71ace5f8ad to remote] DEBUG org.asynchttpclient.netty.request.NettyRequestSender - Using pooled Channel '[id: 0x9d045e13, L:/127.0.0.1:64286 - R:localhost/127.0.0.1:16881]' for 'POST' to 'http://localhost:16881/session/c2d42de92a345c0f7a4eda71ace5f8ad/url'
11:16:01.479 [Forwarding get on session c2d42de92a345c0f7a4eda71ace5f8ad to remote] DEBUG org.asynchttpclient.netty.request.NettyRequestSender - Using open Channel [id: 0x9d045e13, L:/127.0.0.1:64286 - R:localhost/127.0.0.1:16881] for POST '/session/c2d42de92a345c0f7a4eda71ace5f8ad/url'
11:16:01.812 [AsyncHttpClient-1-2] DEBUG org.asynchttpclient.netty.handler.HttpHandler - 

Request DefaultHttpRequest(decodeResult: success, version: HTTP/1.1)
POST /session/c2d42de92a345c0f7a4eda71ace5f8ad/url HTTP/1.1
User-Agent: selenium/4.7.1 (java windows)
Content-Length: 56
Content-Type: application/json; charset=utf-8
host: localhost:16881
accept: */*

Response DefaultHttpResponse(decodeResult: success, version: HTTP/1.1)
HTTP/1.1 200 OK
Content-Type: application/json; charset=utf-8
cache-control: no-cache
content-length: 14

11:16:01.813 [AsyncHttpClient-1-2] DEBUG org.asynchttpclient.netty.channel.ChannelManager - Adding key: http://localhost:16881 for channel [id: 0x9d045e13, L:/127.0.0.1:64286 - R:localhost/127.0.0.1:16881]
11:16:01.817 [Forwarding setTimeout on session c2d42de92a345c0f7a4eda71ace5f8ad to remote] DEBUG org.asynchttpclient.netty.request.NettyRequestSender - Using pooled Channel '[id: 0x9d045e13, L:/127.0.0.1:64286 - R:localhost/127.0.0.1:16881]' for 'POST' to 'http://localhost:16881/session/c2d42de92a345c0f7a4eda71ace5f8ad/timeouts'
11:16:01.817 [Forwarding setTimeout on session c2d42de92a345c0f7a4eda71ace5f8ad to remote] DEBUG org.asynchttpclient.netty.request.NettyRequestSender - Using open Channel [id: 0x9d045e13, L:/127.0.0.1:64286 - R:localhost/127.0.0.1:16881] for POST '/session/c2d42de92a345c0f7a4eda71ace5f8ad/timeouts'
11:16:01.819 [AsyncHttpClient-1-2] DEBUG org.asynchttpclient.netty.handler.HttpHandler - 

Request DefaultHttpRequest(decodeResult: success, version: HTTP/1.1)
POST /session/c2d42de92a345c0f7a4eda71ace5f8ad/timeouts HTTP/1.1
User-Agent: selenium/4.7.1 (java windows)
Content-Length: 22
Content-Type: application/json; charset=utf-8
host: localhost:16881
accept: */*

Response DefaultHttpResponse(decodeResult: success, version: HTTP/1.1)
HTTP/1.1 200 OK
Content-Type: application/json; charset=utf-8
cache-control: no-cache
content-length: 14

11:16:01.819 [AsyncHttpClient-1-2] DEBUG org.asynchttpclient.netty.channel.ChannelManager - Adding key: http://localhost:16881 for channel [id: 0x9d045e13, L:/127.0.0.1:64286 - R:localhost/127.0.0.1:16881]
  &amp#27;[32mGiven &amp#27;[0m&amp#27;[32mI go to &amp#27;[0m&amp#27;[32m&amp#27;[1m"https://www.saucedemo.com/"&amp#27;[0m &amp#27;[90m# Class6BDD.steps.CommonSteps.fillCrossDockSection(java.lang.String)&amp#27;[0m
11:16:01.852 [main] DEBUG net.serenitybdd.core.photography.Darkroom - Opening darkroom
11:16:01.854 [Darkroom Processing Line] DEBUG net.serenitybdd.core.photography.DarkroomProcessingLine - Darkroom processing line starting up
11:16:01.887 [Forwarding getCurrentWindowHandle on session c2d42de92a345c0f7a4eda71ace5f8ad to remote] DEBUG org.asynchttpclient.netty.request.NettyRequestSender - Using pooled Channel '[id: 0x9d045e13, L:/127.0.0.1:64286 - R:localhost/127.0.0.1:16881]' for 'GET' to 'http://localhost:16881/session/c2d42de92a345c0f7a4eda71ace5f8ad/window'
11:16:01.887 [Forwarding getCurrentWindowHandle on session c2d42de92a345c0f7a4eda71ace5f8ad to remote] DEBUG org.asynchttpclient.netty.request.NettyRequestSender - Using open Channel [id: 0x9d045e13, L:/127.0.0.1:64286 - R:localhost/127.0.0.1:16881] for GET '/session/c2d42de92a345c0f7a4eda71ace5f8ad/window'
11:16:01.888 [AsyncHttpClient-1-2] DEBUG org.asynchttpclient.netty.handler.HttpHandler - 

Request DefaultFullHttpRequest(decodeResult: success, version: HTTP/1.1, content: EmptyByteBufBE)
GET /session/c2d42de92a345c0f7a4eda71ace5f8ad/window HTTP/1.1
User-Agent: selenium/4.7.1 (java windows)
Cache-Control: no-cache
Content-Type: application/json; charset=utf-8
host: localhost:16881
accept: */*

Response DefaultHttpResponse(decodeResult: success, version: HTTP/1.1)
HTTP/1.1 200 OK
Content-Type: application/json; charset=utf-8
cache-control: no-cache
content-length: 53

11:16:01.888 [AsyncHttpClient-1-2] DEBUG org.asynchttpclient.netty.channel.ChannelManager - Adding key: http://localhost:16881 for channel [id: 0x9d045e13, L:/127.0.0.1:64286 - R:localhost/127.0.0.1:16881]
11:16:01.891 [Forwarding getAlertText on session c2d42de92a345c0f7a4eda71ace5f8ad to remote] DEBUG org.asynchttpclient.netty.request.NettyRequestSender - Using pooled Channel '[id: 0x9d045e13, L:/127.0.0.1:64286 - R:localhost/127.0.0.1:16881]' for 'GET' to 'http://localhost:16881/session/c2d42de92a345c0f7a4eda71ace5f8ad/alert/text'
11:16:01.891 [Forwarding getAlertText on session c2d42de92a345c0f7a4eda71ace5f8ad to remote] DEBUG org.asynchttpclient.netty.request.NettyRequestSender - Using open Channel [id: 0x9d045e13, L:/127.0.0.1:64286 - R:localhost/127.0.0.1:16881] for GET '/session/c2d42de92a345c0f7a4eda71ace5f8ad/alert/text'
11:16:01.893 [AsyncHttpClient-1-2] DEBUG org.asynchttpclient.netty.handler.HttpHandler - 

Request DefaultFullHttpRequest(decodeResult: success, version: HTTP/1.1, content: EmptyByteBufBE)
GET /session/c2d42de92a345c0f7a4eda71ace5f8ad/alert/text HTTP/1.1
User-Agent: selenium/4.7.1 (java windows)
Cache-Control: no-cache
Content-Type: application/json; charset=utf-8
host: localhost:16881
accept: */*

Response DefaultHttpResponse(decodeResult: success, version: HTTP/1.1)
HTTP/1.1 404 Not Found
Content-Type: application/json; charset=utf-8
cache-control: no-cache
content-length: 834

11:16:01.894 [AsyncHttpClient-1-2] DEBUG org.asynchttpclient.netty.channel.ChannelManager - Adding key: http://localhost:16881 for channel [id: 0x9d045e13, L:/127.0.0.1:64286 - R:localhost/127.0.0.1:16881]
11:16:01.905 [Forwarding switchToWindow on session c2d42de92a345c0f7a4eda71ace5f8ad to remote] DEBUG org.asynchttpclient.netty.request.NettyRequestSender - Using pooled Channel '[id: 0x9d045e13, L:/127.0.0.1:64286 - R:localhost/127.0.0.1:16881]' for 'POST' to 'http://localhost:16881/session/c2d42de92a345c0f7a4eda71ace5f8ad/window'
11:16:01.905 [Forwarding switchToWindow on session c2d42de92a345c0f7a4eda71ace5f8ad to remote] DEBUG org.asynchttpclient.netty.request.NettyRequestSender - Using open Channel [id: 0x9d045e13, L:/127.0.0.1:64286 - R:localhost/127.0.0.1:16881] for POST '/session/c2d42de92a345c0f7a4eda71ace5f8ad/window'
11:16:01.907 [AsyncHttpClient-1-2] DEBUG org.asynchttpclient.netty.handler.HttpHandler - 

Request DefaultHttpRequest(decodeResult: success, version: HTTP/1.1)
POST /session/c2d42de92a345c0f7a4eda71ace5f8ad/window HTTP/1.1
User-Agent: selenium/4.7.1 (java windows)
Content-Length: 59
Content-Type: application/json; charset=utf-8
host: localhost:16881
accept: */*

Response DefaultHttpResponse(decodeResult: success, version: HTTP/1.1)
HTTP/1.1 200 OK
Content-Type: application/json; charset=utf-8
cache-control: no-cache
content-length: 14

11:16:01.908 [AsyncHttpClient-1-2] DEBUG org.asynchttpclient.netty.channel.ChannelManager - Adding key: http://localhost:16881 for channel [id: 0x9d045e13, L:/127.0.0.1:64286 - R:localhost/127.0.0.1:16881]
11:16:01.909 [Forwarding getCurrentUrl on session c2d42de92a345c0f7a4eda71ace5f8ad to remote] DEBUG org.asynchttpclient.netty.request.NettyRequestSender - Using pooled Channel '[id: 0x9d045e13, L:/127.0.0.1:64286 - R:localhost/127.0.0.1:16881]' for 'GET' to 'http://localhost:16881/session/c2d42de92a345c0f7a4eda71ace5f8ad/url'
11:16:01.909 [Forwarding getCurrentUrl on session c2d42de92a345c0f7a4eda71ace5f8ad to remote] DEBUG org.asynchttpclient.netty.request.NettyRequestSender - Using open Channel [id: 0x9d045e13, L:/127.0.0.1:64286 - R:localhost/127.0.0.1:16881] for GET '/session/c2d42de92a345c0f7a4eda71ace5f8ad/url'
11:16:01.914 [AsyncHttpClient-1-2] DEBUG org.asynchttpclient.netty.handler.HttpHandler - 

Request DefaultFullHttpRequest(decodeResult: success, version: HTTP/1.1, content: EmptyByteBufBE)
GET /session/c2d42de92a345c0f7a4eda71ace5f8ad/url HTTP/1.1
User-Agent: selenium/4.7.1 (java windows)
Cache-Control: no-cache
Content-Type: application/json; charset=utf-8
host: localhost:16881
accept: */*

Response DefaultHttpResponse(decodeResult: success, version: HTTP/1.1)
HTTP/1.1 200 OK
Content-Type: application/json; charset=utf-8
cache-control: no-cache
content-length: 38

11:16:01.914 [AsyncHttpClient-1-2] DEBUG org.asynchttpclient.netty.channel.ChannelManager - Adding key: http://localhost:16881 for channel [id: 0x9d045e13, L:/127.0.0.1:64286 - R:localhost/127.0.0.1:16881]
11:16:01.916 [Forwarding screenshot on session c2d42de92a345c0f7a4eda71ace5f8ad to remote] DEBUG org.asynchttpclient.netty.request.NettyRequestSender - Using pooled Channel '[id: 0x9d045e13, L:/127.0.0.1:64286 - R:localhost/127.0.0.1:16881]' for 'GET' to 'http://localhost:16881/session/c2d42de92a345c0f7a4eda71ace5f8ad/screenshot'
11:16:01.917 [Forwarding screenshot on session c2d42de92a345c0f7a4eda71ace5f8ad to remote] DEBUG org.asynchttpclient.netty.request.NettyRequestSender - Using open Channel [id: 0x9d045e13, L:/127.0.0.1:64286 - R:localhost/127.0.0.1:16881] for GET '/session/c2d42de92a345c0f7a4eda71ace5f8ad/screenshot'
11:16:02.051 [AsyncHttpClient-1-2] DEBUG org.asynchttpclient.netty.handler.HttpHandler - 

Request DefaultFullHttpRequest(decodeResult: success, version: HTTP/1.1, content: EmptyByteBufBE)
GET /session/c2d42de92a345c0f7a4eda71ace5f8ad/screenshot HTTP/1.1
User-Agent: selenium/4.7.1 (java windows)
Cache-Control: no-cache
Content-Type: application/json; charset=utf-8
host: localhost:16881
accept: */*

Response DefaultHttpResponse(decodeResult: success, version: HTTP/1.1)
HTTP/1.1 200 OK
Content-Type: application/json; charset=utf-8
cache-control: no-cache
content-length: 80692

11:16:02.052 [AsyncHttpClient-1-2] DEBUG org.asynchttpclient.netty.channel.ChannelManager - Adding key: http://localhost:16881 for channel [id: 0x9d045e13, L:/127.0.0.1:64286 - R:localhost/127.0.0.1:16881]
11:16:02.151 [main] DEBUG net.serenitybdd.core.photography.Darkroom - Send negative for processing for target\site\serenity\15a7514d6fa104e3b1d014195f40b59ecdad25387af39f26ebf9f7e5154565c1.png
11:16:02.152 [Darkroom Processing Line] DEBUG net.serenitybdd.core.photography.DarkroomProcessingLine - Processing screenshot image in /var/screenshots/screenshot-852491916500507365
11:16:02.152 [Darkroom Processing Line] DEBUG net.serenitybdd.core.photography.DarkroomProcessingLine - Saving screenshot to target\site\serenity\15a7514d6fa104e3b1d014195f40b59ecdad25387af39f26ebf9f7e5154565c1.png
11:16:02.161 [Forwarding getPageSource on session c2d42de92a345c0f7a4eda71ace5f8ad to remote] DEBUG org.asynchttpclient.netty.request.NettyRequestSender - Using pooled Channel '[id: 0x9d045e13, L:/127.0.0.1:64286 - R:localhost/127.0.0.1:16881]' for 'POST' to 'http://localhost:16881/session/c2d42de92a345c0f7a4eda71ace5f8ad/execute/sync'
11:16:02.161 [Forwarding getPageSource on session c2d42de92a345c0f7a4eda71ace5f8ad to remote] DEBUG org.asynchttpclient.netty.request.NettyRequestSender - Using open Channel [id: 0x9d045e13, L:/127.0.0.1:64286 - R:localhost/127.0.0.1:16881] for POST '/session/c2d42de92a345c0f7a4eda71ace5f8ad/execute/sync'
11:16:02.167 [AsyncHttpClient-1-2] DEBUG org.asynchttpclient.netty.handler.HttpHandler - 

Request DefaultHttpRequest(decodeResult: success, version: HTTP/1.1)
POST /session/c2d42de92a345c0f7a4eda71ace5f8ad/execute/sync HTTP/1.1
User-Agent: selenium/4.7.1 (java windows)
Content-Length: 176
Content-Type: application/json; charset=utf-8
host: localhost:16881
accept: */*

Response DefaultHttpResponse(decodeResult: success, version: HTTP/1.1)
HTTP/1.1 200 OK
Content-Type: application/json; charset=utf-8
cache-control: no-cache
content-length: 4160

11:16:02.168 [AsyncHttpClient-1-2] DEBUG org.asynchttpclient.netty.channel.ChannelManager - Adding key: http://localhost:16881 for channel [id: 0x9d045e13, L:/127.0.0.1:64286 - R:localhost/127.0.0.1:16881]
11:16:02.256 [Forwarding getCurrentUrl on session c2d42de92a345c0f7a4eda71ace5f8ad to remote] DEBUG org.asynchttpclient.netty.request.NettyRequestSender - Using pooled Channel '[id: 0x9d045e13, L:/127.0.0.1:64286 - R:localhost/127.0.0.1:16881]' for 'GET' to 'http://localhost:16881/session/c2d42de92a345c0f7a4eda71ace5f8ad/url'
11:16:02.256 [Forwarding getCurrentUrl on session c2d42de92a345c0f7a4eda71ace5f8ad to remote] DEBUG org.asynchttpclient.netty.request.NettyRequestSender - Using open Channel [id: 0x9d045e13, L:/127.0.0.1:64286 - R:localhost/127.0.0.1:16881] for GET '/session/c2d42de92a345c0f7a4eda71ace5f8ad/url'
11:16:02.261 [AsyncHttpClient-1-2] DEBUG org.asynchttpclient.netty.handler.HttpHandler - 

Request DefaultFullHttpRequest(decodeResult: success, version: HTTP/1.1, content: EmptyByteBufBE)
GET /session/c2d42de92a345c0f7a4eda71ace5f8ad/url HTTP/1.1
User-Agent: selenium/4.7.1 (java windows)
Cache-Control: no-cache
Content-Type: application/json; charset=utf-8
host: localhost:16881
accept: */*

Response DefaultHttpResponse(decodeResult: success, version: HTTP/1.1)
HTTP/1.1 200 OK
Content-Type: application/json; charset=utf-8
cache-control: no-cache
content-length: 38

11:16:02.262 [AsyncHttpClient-1-2] DEBUG org.asynchttpclient.netty.channel.ChannelManager - Adding key: http://localhost:16881 for channel [id: 0x9d045e13, L:/127.0.0.1:64286 - R:localhost/127.0.0.1:16881]
11:16:02.268 [Forwarding maximizeCurrentWindow on session c2d42de92a345c0f7a4eda71ace5f8ad to remote] DEBUG org.asynchttpclient.netty.request.NettyRequestSender - Using pooled Channel '[id: 0x9d045e13, L:/127.0.0.1:64286 - R:localhost/127.0.0.1:16881]' for 'POST' to 'http://localhost:16881/session/c2d42de92a345c0f7a4eda71ace5f8ad/window/maximize'
11:16:02.268 [Forwarding maximizeCurrentWindow on session c2d42de92a345c0f7a4eda71ace5f8ad to remote] DEBUG org.asynchttpclient.netty.request.NettyRequestSender - Using open Channel [id: 0x9d045e13, L:/127.0.0.1:64286 - R:localhost/127.0.0.1:16881] for POST '/session/c2d42de92a345c0f7a4eda71ace5f8ad/window/maximize'
11:16:02.272 [AsyncHttpClient-1-2] DEBUG org.asynchttpclient.netty.handler.HttpHandler - 

Request DefaultHttpRequest(decodeResult: success, version: HTTP/1.1)
POST /session/c2d42de92a345c0f7a4eda71ace5f8ad/window/maximize HTTP/1.1
User-Agent: selenium/4.7.1 (java windows)
Content-Length: 3
Content-Type: application/json; charset=utf-8
host: localhost:16881
accept: */*

Response DefaultHttpResponse(decodeResult: success, version: HTTP/1.1)
HTTP/1.1 200 OK
Content-Type: application/json; charset=utf-8
cache-control: no-cache
content-length: 50

11:16:02.272 [AsyncHttpClient-1-2] DEBUG org.asynchttpclient.netty.channel.ChannelManager - Adding key: http://localhost:16881 for channel [id: 0x9d045e13, L:/127.0.0.1:64286 - R:localhost/127.0.0.1:16881]
11:16:02.286 [AsyncHttpClient-1-1] DEBUG org.asynchttpclient.netty.channel.DefaultChannelPool - Entry count for : http://localhost:16881 : 1
11:16:02.286 [AsyncHttpClient-1-1] DEBUG org.asynchttpclient.netty.channel.DefaultChannelPool - Entry count for : http://localhost:64287 : 1
11:16:02.288 [Forwarding findElement on session c2d42de92a345c0f7a4eda71ace5f8ad to remote] DEBUG org.asynchttpclient.netty.request.NettyRequestSender - Using pooled Channel '[id: 0x9d045e13, L:/127.0.0.1:64286 - R:localhost/127.0.0.1:16881]' for 'POST' to 'http://localhost:16881/session/c2d42de92a345c0f7a4eda71ace5f8ad/element'
11:16:02.288 [Forwarding findElement on session c2d42de92a345c0f7a4eda71ace5f8ad to remote] DEBUG org.asynchttpclient.netty.request.NettyRequestSender - Using open Channel [id: 0x9d045e13, L:/127.0.0.1:64286 - R:localhost/127.0.0.1:16881] for POST '/session/c2d42de92a345c0f7a4eda71ace5f8ad/element'
11:16:02.298 [AsyncHttpClient-1-2] DEBUG org.asynchttpclient.netty.handler.HttpHandler - 

Request DefaultHttpRequest(decodeResult: success, version: HTTP/1.1)
POST /session/c2d42de92a345c0f7a4eda71ace5f8ad/element HTTP/1.1
User-Agent: selenium/4.7.1 (java windows)
Content-Length: 56
Content-Type: application/json; charset=utf-8
host: localhost:16881
accept: */*

Response DefaultHttpResponse(decodeResult: success, version: HTTP/1.1)
HTTP/1.1 200 OK
Content-Type: application/json; charset=utf-8
cache-control: no-cache
content-length: 88

11:16:02.298 [AsyncHttpClient-1-2] DEBUG org.asynchttpclient.netty.channel.ChannelManager - Adding key: http://localhost:16881 for channel [id: 0x9d045e13, L:/127.0.0.1:64286 - R:localhost/127.0.0.1:16881]
11:16:02.304 [Forwarding sendKeysToElement on session c2d42de92a345c0f7a4eda71ace5f8ad to remote] DEBUG org.asynchttpclient.netty.request.NettyRequestSender - Using pooled Channel '[id: 0x9d045e13, L:/127.0.0.1:64286 - R:localhost/127.0.0.1:16881]' for 'POST' to 'http://localhost:16881/session/c2d42de92a345c0f7a4eda71ace5f8ad/element/123d0936-800a-4e08-8965-209698f46f59/value'
11:16:02.304 [Forwarding sendKeysToElement on session c2d42de92a345c0f7a4eda71ace5f8ad to remote] DEBUG org.asynchttpclient.netty.request.NettyRequestSender - Using open Channel [id: 0x9d045e13, L:/127.0.0.1:64286 - R:localhost/127.0.0.1:16881] for POST '/session/c2d42de92a345c0f7a4eda71ace5f8ad/element/123d0936-800a-4e08-8965-209698f46f59/value'
11:16:02.368 [AsyncHttpClient-1-2] DEBUG org.asynchttpclient.netty.handler.HttpHandler - 

Request DefaultHttpRequest(decodeResult: success, version: HTTP/1.1)
POST /session/c2d42de92a345c0f7a4eda71ace5f8ad/element/123d0936-800a-4e08-8965-209698f46f59/value HTTP/1.1
User-Agent: selenium/4.7.1 (java windows)
Content-Length: 211
Content-Type: application/json; charset=utf-8
host: localhost:16881
accept: */*

Response DefaultHttpResponse(decodeResult: success, version: HTTP/1.1)
HTTP/1.1 200 OK
Content-Type: application/json; charset=utf-8
cache-control: no-cache
content-length: 14

11:16:02.368 [AsyncHttpClient-1-2] DEBUG org.asynchttpclient.netty.channel.ChannelManager - Adding key: http://localhost:16881 for channel [id: 0x9d045e13, L:/127.0.0.1:64286 - R:localhost/127.0.0.1:16881]
  &amp#27;[32mThen &amp#27;[0m&amp#27;[32mI fill username &amp#27;[0m&amp#27;[32m&amp#27;[1m"standard_user"&amp#27;[0m       &amp#27;[90m# Class6BDD.steps.LoginSteps.iFillUsername(java.lang.String)&amp#27;[0m
11:16:02.377 [Forwarding getCurrentWindowHandle on session c2d42de92a345c0f7a4eda71ace5f8ad to remote] DEBUG org.asynchttpclient.netty.request.NettyRequestSender - Using pooled Channel '[id: 0x9d045e13, L:/127.0.0.1:64286 - R:localhost/127.0.0.1:16881]' for 'GET' to 'http://localhost:16881/session/c2d42de92a345c0f7a4eda71ace5f8ad/window'
11:16:02.377 [Forwarding getCurrentWindowHandle on session c2d42de92a345c0f7a4eda71ace5f8ad to remote] DEBUG org.asynchttpclient.netty.request.NettyRequestSender - Using open Channel [id: 0x9d045e13, L:/127.0.0.1:64286 - R:localhost/127.0.0.1:16881] for GET '/session/c2d42de92a345c0f7a4eda71ace5f8ad/window'
11:16:02.378 [AsyncHttpClient-1-2] DEBUG org.asynchttpclient.netty.handler.HttpHandler - 

Request DefaultFullHttpRequest(decodeResult: success, version: HTTP/1.1, content: EmptyByteBufBE)
GET /session/c2d42de92a345c0f7a4eda71ace5f8ad/window HTTP/1.1
User-Agent: selenium/4.7.1 (java windows)
Cache-Control: no-cache
Content-Type: application/json; charset=utf-8
host: localhost:16881
accept: */*

Response DefaultHttpResponse(decodeResult: success, version: HTTP/1.1)
HTTP/1.1 200 OK
Content-Type: application/json; charset=utf-8
cache-control: no-cache
content-length: 53

11:16:02.378 [AsyncHttpClient-1-2] DEBUG org.asynchttpclient.netty.channel.ChannelManager - Adding key: http://localhost:16881 for channel [id: 0x9d045e13, L:/127.0.0.1:64286 - R:localhost/127.0.0.1:16881]
11:16:02.380 [Forwarding getAlertText on session c2d42de92a345c0f7a4eda71ace5f8ad to remote] DEBUG org.asynchttpclient.netty.request.NettyRequestSender - Using pooled Channel '[id: 0x9d045e13, L:/127.0.0.1:64286 - R:localhost/127.0.0.1:16881]' for 'GET' to 'http://localhost:16881/session/c2d42de92a345c0f7a4eda71ace5f8ad/alert/text'
11:16:02.380 [Forwarding getAlertText on session c2d42de92a345c0f7a4eda71ace5f8ad to remote] DEBUG org.asynchttpclient.netty.request.NettyRequestSender - Using open Channel [id: 0x9d045e13, L:/127.0.0.1:64286 - R:localhost/127.0.0.1:16881] for GET '/session/c2d42de92a345c0f7a4eda71ace5f8ad/alert/text'
11:16:02.382 [AsyncHttpClient-1-2] DEBUG org.asynchttpclient.netty.handler.HttpHandler - 

Request DefaultFullHttpRequest(decodeResult: success, version: HTTP/1.1, content: EmptyByteBufBE)
GET /session/c2d42de92a345c0f7a4eda71ace5f8ad/alert/text HTTP/1.1
User-Agent: selenium/4.7.1 (java windows)
Cache-Control: no-cache
Content-Type: application/json; charset=utf-8
host: localhost:16881
accept: */*

Response DefaultHttpResponse(decodeResult: success, version: HTTP/1.1)
HTTP/1.1 404 Not Found
Content-Type: application/json; charset=utf-8
cache-control: no-cache
content-length: 834

11:16:02.382 [AsyncHttpClient-1-2] DEBUG org.asynchttpclient.netty.channel.ChannelManager - Adding key: http://localhost:16881 for channel [id: 0x9d045e13, L:/127.0.0.1:64286 - R:localhost/127.0.0.1:16881]
11:16:02.386 [Forwarding switchToWindow on session c2d42de92a345c0f7a4eda71ace5f8ad to remote] DEBUG org.asynchttpclient.netty.request.NettyRequestSender - Using pooled Channel '[id: 0x9d045e13, L:/127.0.0.1:64286 - R:localhost/127.0.0.1:16881]' for 'POST' to 'http://localhost:16881/session/c2d42de92a345c0f7a4eda71ace5f8ad/window'
11:16:02.386 [Forwarding switchToWindow on session c2d42de92a345c0f7a4eda71ace5f8ad to remote] DEBUG org.asynchttpclient.netty.request.NettyRequestSender - Using open Channel [id: 0x9d045e13, L:/127.0.0.1:64286 - R:localhost/127.0.0.1:16881] for POST '/session/c2d42de92a345c0f7a4eda71ace5f8ad/window'
11:16:02.388 [AsyncHttpClient-1-2] DEBUG org.asynchttpclient.netty.handler.HttpHandler - 

Request DefaultHttpRequest(decodeResult: success, version: HTTP/1.1)
POST /session/c2d42de92a345c0f7a4eda71ace5f8ad/window HTTP/1.1
User-Agent: selenium/4.7.1 (java windows)
Content-Length: 59
Content-Type: application/json; charset=utf-8
host: localhost:16881
accept: */*

Response DefaultHttpResponse(decodeResult: success, version: HTTP/1.1)
HTTP/1.1 200 OK
Content-Type: application/json; charset=utf-8
cache-control: no-cache
content-length: 14

11:16:02.389 [AsyncHttpClient-1-2] DEBUG org.asynchttpclient.netty.channel.ChannelManager - Adding key: http://localhost:16881 for channel [id: 0x9d045e13, L:/127.0.0.1:64286 - R:localhost/127.0.0.1:16881]
11:16:02.390 [Forwarding getCurrentUrl on session c2d42de92a345c0f7a4eda71ace5f8ad to remote] DEBUG org.asynchttpclient.netty.request.NettyRequestSender - Using pooled Channel '[id: 0x9d045e13, L:/127.0.0.1:64286 - R:localhost/127.0.0.1:16881]' for 'GET' to 'http://localhost:16881/session/c2d42de92a345c0f7a4eda71ace5f8ad/url'
11:16:02.390 [Forwarding getCurrentUrl on session c2d42de92a345c0f7a4eda71ace5f8ad to remote] DEBUG org.asynchttpclient.netty.request.NettyRequestSender - Using open Channel [id: 0x9d045e13, L:/127.0.0.1:64286 - R:localhost/127.0.0.1:16881] for GET '/session/c2d42de92a345c0f7a4eda71ace5f8ad/url'
11:16:02.394 [AsyncHttpClient-1-2] DEBUG org.asynchttpclient.netty.handler.HttpHandler - 

Request DefaultFullHttpRequest(decodeResult: success, version: HTTP/1.1, content: EmptyByteBufBE)
GET /session/c2d42de92a345c0f7a4eda71ace5f8ad/url HTTP/1.1
User-Agent: selenium/4.7.1 (java windows)
Cache-Control: no-cache
Content-Type: application/json; charset=utf-8
host: localhost:16881
accept: */*

Response DefaultHttpResponse(decodeResult: success, version: HTTP/1.1)
HTTP/1.1 200 OK
Content-Type: application/json; charset=utf-8
cache-control: no-cache
content-length: 38

11:16:02.395 [AsyncHttpClient-1-2] DEBUG org.asynchttpclient.netty.channel.ChannelManager - Adding key: http://localhost:16881 for channel [id: 0x9d045e13, L:/127.0.0.1:64286 - R:localhost/127.0.0.1:16881]
11:16:02.395 [Forwarding screenshot on session c2d42de92a345c0f7a4eda71ace5f8ad to remote] DEBUG org.asynchttpclient.netty.request.NettyRequestSender - Using pooled Channel '[id: 0x9d045e13, L:/127.0.0.1:64286 - R:localhost/127.0.0.1:16881]' for 'GET' to 'http://localhost:16881/session/c2d42de92a345c0f7a4eda71ace5f8ad/screenshot'
11:16:02.397 [Forwarding screenshot on session c2d42de92a345c0f7a4eda71ace5f8ad to remote] DEBUG org.asynchttpclient.netty.request.NettyRequestSender - Using open Channel [id: 0x9d045e13, L:/127.0.0.1:64286 - R:localhost/127.0.0.1:16881] for GET '/session/c2d42de92a345c0f7a4eda71ace5f8ad/screenshot'
11:16:02.595 [AsyncHttpClient-1-2] DEBUG org.asynchttpclient.netty.handler.HttpHandler - 

Request DefaultFullHttpRequest(decodeResult: success, version: HTTP/1.1, content: EmptyByteBufBE)
GET /session/c2d42de92a345c0f7a4eda71ace5f8ad/screenshot HTTP/1.1
User-Agent: selenium/4.7.1 (java windows)
Cache-Control: no-cache
Content-Type: application/json; charset=utf-8
host: localhost:16881
accept: */*

Response DefaultHttpResponse(decodeResult: success, version: HTTP/1.1)
HTTP/1.1 200 OK
Content-Type: application/json; charset=utf-8
cache-control: no-cache
content-length: 81524

11:16:02.596 [AsyncHttpClient-1-2] DEBUG org.asynchttpclient.netty.channel.ChannelManager - Adding key: http://localhost:16881 for channel [id: 0x9d045e13, L:/127.0.0.1:64286 - R:localhost/127.0.0.1:16881]
11:16:02.602 [main] DEBUG net.serenitybdd.core.photography.Darkroom - Send negative for processing for target\site\serenity\4d348736925d136719aeae1b6214215cd9df14df0a0e9287ede36be35ff0d279.png
11:16:02.602 [Darkroom Processing Line] DEBUG net.serenitybdd.core.photography.DarkroomProcessingLine - Processing screenshot image in /var/screenshots/screenshot-2072526431819677704
11:16:02.602 [Darkroom Processing Line] DEBUG net.serenitybdd.core.photography.DarkroomProcessingLine - Saving screenshot to target\site\serenity\4d348736925d136719aeae1b6214215cd9df14df0a0e9287ede36be35ff0d279.png
11:16:02.609 [Forwarding getPageSource on session c2d42de92a345c0f7a4eda71ace5f8ad to remote] DEBUG org.asynchttpclient.netty.request.NettyRequestSender - Using pooled Channel '[id: 0x9d045e13, L:/127.0.0.1:64286 - R:localhost/127.0.0.1:16881]' for 'POST' to 'http://localhost:16881/session/c2d42de92a345c0f7a4eda71ace5f8ad/execute/sync'
11:16:02.609 [Forwarding getPageSource on session c2d42de92a345c0f7a4eda71ace5f8ad to remote] DEBUG org.asynchttpclient.netty.request.NettyRequestSender - Using open Channel [id: 0x9d045e13, L:/127.0.0.1:64286 - R:localhost/127.0.0.1:16881] for POST '/session/c2d42de92a345c0f7a4eda71ace5f8ad/execute/sync'
11:16:02.614 [AsyncHttpClient-1-2] DEBUG org.asynchttpclient.netty.handler.HttpHandler - 

Request DefaultHttpRequest(decodeResult: success, version: HTTP/1.1)
POST /session/c2d42de92a345c0f7a4eda71ace5f8ad/execute/sync HTTP/1.1
User-Agent: selenium/4.7.1 (java windows)
Content-Length: 176
Content-Type: application/json; charset=utf-8
host: localhost:16881
accept: */*

Response DefaultHttpResponse(decodeResult: success, version: HTTP/1.1)
HTTP/1.1 200 OK
Content-Type: application/json; charset=utf-8
cache-control: no-cache
content-length: 4173

11:16:02.614 [AsyncHttpClient-1-2] DEBUG org.asynchttpclient.netty.channel.ChannelManager - Adding key: http://localhost:16881 for channel [id: 0x9d045e13, L:/127.0.0.1:64286 - R:localhost/127.0.0.1:16881]
11:16:02.618 [Forwarding getCurrentUrl on session c2d42de92a345c0f7a4eda71ace5f8ad to remote] DEBUG org.asynchttpclient.netty.request.NettyRequestSender - Using pooled Channel '[id: 0x9d045e13, L:/127.0.0.1:64286 - R:localhost/127.0.0.1:16881]' for 'GET' to 'http://localhost:16881/session/c2d42de92a345c0f7a4eda71ace5f8ad/url'
11:16:02.618 [Forwarding getCurrentUrl on session c2d42de92a345c0f7a4eda71ace5f8ad to remote] DEBUG org.asynchttpclient.netty.request.NettyRequestSender - Using open Channel [id: 0x9d045e13, L:/127.0.0.1:64286 - R:localhost/127.0.0.1:16881] for GET '/session/c2d42de92a345c0f7a4eda71ace5f8ad/url'
11:16:02.621 [AsyncHttpClient-1-2] DEBUG org.asynchttpclient.netty.handler.HttpHandler - 

Request DefaultFullHttpRequest(decodeResult: success, version: HTTP/1.1, content: EmptyByteBufBE)
GET /session/c2d42de92a345c0f7a4eda71ace5f8ad/url HTTP/1.1
User-Agent: selenium/4.7.1 (java windows)
Cache-Control: no-cache
Content-Type: application/json; charset=utf-8
host: localhost:16881
accept: */*

Response DefaultHttpResponse(decodeResult: success, version: HTTP/1.1)
HTTP/1.1 200 OK
Content-Type: application/json; charset=utf-8
cache-control: no-cache
content-length: 38

11:16:02.621 [AsyncHttpClient-1-2] DEBUG org.asynchttpclient.netty.channel.ChannelManager - Adding key: http://localhost:16881 for channel [id: 0x9d045e13, L:/127.0.0.1:64286 - R:localhost/127.0.0.1:16881]
11:16:02.625 [Forwarding findElement on session c2d42de92a345c0f7a4eda71ace5f8ad to remote] DEBUG org.asynchttpclient.netty.request.NettyRequestSender - Using pooled Channel '[id: 0x9d045e13, L:/127.0.0.1:64286 - R:localhost/127.0.0.1:16881]' for 'POST' to 'http://localhost:16881/session/c2d42de92a345c0f7a4eda71ace5f8ad/element'
11:16:02.625 [Forwarding findElement on session c2d42de92a345c0f7a4eda71ace5f8ad to remote] DEBUG org.asynchttpclient.netty.request.NettyRequestSender - Using open Channel [id: 0x9d045e13, L:/127.0.0.1:64286 - R:localhost/127.0.0.1:16881] for POST '/session/c2d42de92a345c0f7a4eda71ace5f8ad/element'
11:16:02.634 [AsyncHttpClient-1-2] DEBUG org.asynchttpclient.netty.handler.HttpHandler - 

Request DefaultHttpRequest(decodeResult: success, version: HTTP/1.1)
POST /session/c2d42de92a345c0f7a4eda71ace5f8ad/element HTTP/1.1
User-Agent: selenium/4.7.1 (java windows)
Content-Length: 53
Content-Type: application/json; charset=utf-8
host: localhost:16881
accept: */*

Response DefaultHttpResponse(decodeResult: success, version: HTTP/1.1)
HTTP/1.1 200 OK
Content-Type: application/json; charset=utf-8
cache-control: no-cache
content-length: 88

11:16:02.634 [AsyncHttpClient-1-2] DEBUG org.asynchttpclient.netty.channel.ChannelManager - Adding key: http://localhost:16881 for channel [id: 0x9d045e13, L:/127.0.0.1:64286 - R:localhost/127.0.0.1:16881]
11:16:02.636 [Forwarding sendKeysToElement on session c2d42de92a345c0f7a4eda71ace5f8ad to remote] DEBUG org.asynchttpclient.netty.request.NettyRequestSender - Using pooled Channel '[id: 0x9d045e13, L:/127.0.0.1:64286 - R:localhost/127.0.0.1:16881]' for 'POST' to 'http://localhost:16881/session/c2d42de92a345c0f7a4eda71ace5f8ad/element/a429988f-e2e9-4cbb-84d5-7c4f34b3e74e/value'
11:16:02.636 [Forwarding sendKeysToElement on session c2d42de92a345c0f7a4eda71ace5f8ad to remote] DEBUG org.asynchttpclient.netty.request.NettyRequestSender - Using open Channel [id: 0x9d045e13, L:/127.0.0.1:64286 - R:localhost/127.0.0.1:16881] for POST '/session/c2d42de92a345c0f7a4eda71ace5f8ad/element/a429988f-e2e9-4cbb-84d5-7c4f34b3e74e/value'
11:16:02.686 [AsyncHttpClient-1-2] DEBUG org.asynchttpclient.netty.handler.HttpHandler - 

Request DefaultHttpRequest(decodeResult: success, version: HTTP/1.1)
POST /session/c2d42de92a345c0f7a4eda71ace5f8ad/element/a429988f-e2e9-4cbb-84d5-7c4f34b3e74e/value HTTP/1.1
User-Agent: selenium/4.7.1 (java windows)
Content-Length: 201
Content-Type: application/json; charset=utf-8
host: localhost:16881
accept: */*

Response DefaultHttpResponse(decodeResult: success, version: HTTP/1.1)
HTTP/1.1 200 OK
Content-Type: application/json; charset=utf-8
cache-control: no-cache
content-length: 14

11:16:02.686 [AsyncHttpClient-1-2] DEBUG org.asynchttpclient.netty.channel.ChannelManager - Adding key: http://localhost:16881 for channel [id: 0x9d045e13, L:/127.0.0.1:64286 - R:localhost/127.0.0.1:16881]
  &amp#27;[32mThen &amp#27;[0m&amp#27;[32mI fill password &amp#27;[0m&amp#27;[32m&amp#27;[1m"secret_sauce"&amp#27;[0m        &amp#27;[90m# Class6BDD.steps.LoginSteps.iFillPassword(java.lang.String)&amp#27;[0m
11:16:02.693 [Forwarding getCurrentWindowHandle on session c2d42de92a345c0f7a4eda71ace5f8ad to remote] DEBUG org.asynchttpclient.netty.request.NettyRequestSender - Using pooled Channel '[id: 0x9d045e13, L:/127.0.0.1:64286 - R:localhost/127.0.0.1:16881]' for 'GET' to 'http://localhost:16881/session/c2d42de92a345c0f7a4eda71ace5f8ad/window'
11:16:02.693 [Forwarding getCurrentWindowHandle on session c2d42de92a345c0f7a4eda71ace5f8ad to remote] DEBUG org.asynchttpclient.netty.request.NettyRequestSender - Using open Channel [id: 0x9d045e13, L:/127.0.0.1:64286 - R:localhost/127.0.0.1:16881] for GET '/session/c2d42de92a345c0f7a4eda71ace5f8ad/window'
11:16:02.694 [AsyncHttpClient-1-2] DEBUG org.asynchttpclient.netty.handler.HttpHandler - 

Request DefaultFullHttpRequest(decodeResult: success, version: HTTP/1.1, content: EmptyByteBufBE)
GET /session/c2d42de92a345c0f7a4eda71ace5f8ad/window HTTP/1.1
User-Agent: selenium/4.7.1 (java windows)
Cache-Control: no-cache
Content-Type: application/json; charset=utf-8
host: localhost:16881
accept: */*

Response DefaultHttpResponse(decodeResult: success, version: HTTP/1.1)
HTTP/1.1 200 OK
Content-Type: application/json; charset=utf-8
cache-control: no-cache
content-length: 53

11:16:02.694 [AsyncHttpClient-1-2] DEBUG org.asynchttpclient.netty.channel.ChannelManager - Adding key: http://localhost:16881 for channel [id: 0x9d045e13, L:/127.0.0.1:64286 - R:localhost/127.0.0.1:16881]
11:16:02.695 [Forwarding getAlertText on session c2d42de92a345c0f7a4eda71ace5f8ad to remote] DEBUG org.asynchttpclient.netty.request.NettyRequestSender - Using pooled Channel '[id: 0x9d045e13, L:/127.0.0.1:64286 - R:localhost/127.0.0.1:16881]' for 'GET' to 'http://localhost:16881/session/c2d42de92a345c0f7a4eda71ace5f8ad/alert/text'
11:16:02.695 [Forwarding getAlertText on session c2d42de92a345c0f7a4eda71ace5f8ad to remote] DEBUG org.asynchttpclient.netty.request.NettyRequestSender - Using open Channel [id: 0x9d045e13, L:/127.0.0.1:64286 - R:localhost/127.0.0.1:16881] for GET '/session/c2d42de92a345c0f7a4eda71ace5f8ad/alert/text'
11:16:02.697 [AsyncHttpClient-1-2] DEBUG org.asynchttpclient.netty.handler.HttpHandler - 

Request DefaultFullHttpRequest(decodeResult: success, version: HTTP/1.1, content: EmptyByteBufBE)
GET /session/c2d42de92a345c0f7a4eda71ace5f8ad/alert/text HTTP/1.1
User-Agent: selenium/4.7.1 (java windows)
Cache-Control: no-cache
Content-Type: application/json; charset=utf-8
host: localhost:16881
accept: */*

Response DefaultHttpResponse(decodeResult: success, version: HTTP/1.1)
HTTP/1.1 404 Not Found
Content-Type: application/json; charset=utf-8
cache-control: no-cache
content-length: 834

11:16:02.698 [AsyncHttpClient-1-2] DEBUG org.asynchttpclient.netty.channel.ChannelManager - Adding key: http://localhost:16881 for channel [id: 0x9d045e13, L:/127.0.0.1:64286 - R:localhost/127.0.0.1:16881]
11:16:02.702 [Forwarding switchToWindow on session c2d42de92a345c0f7a4eda71ace5f8ad to remote] DEBUG org.asynchttpclient.netty.request.NettyRequestSender - Using pooled Channel '[id: 0x9d045e13, L:/127.0.0.1:64286 - R:localhost/127.0.0.1:16881]' for 'POST' to 'http://localhost:16881/session/c2d42de92a345c0f7a4eda71ace5f8ad/window'
11:16:02.703 [Forwarding switchToWindow on session c2d42de92a345c0f7a4eda71ace5f8ad to remote] DEBUG org.asynchttpclient.netty.request.NettyRequestSender - Using open Channel [id: 0x9d045e13, L:/127.0.0.1:64286 - R:localhost/127.0.0.1:16881] for POST '/session/c2d42de92a345c0f7a4eda71ace5f8ad/window'
11:16:02.705 [AsyncHttpClient-1-2] DEBUG org.asynchttpclient.netty.handler.HttpHandler - 

Request DefaultHttpRequest(decodeResult: success, version: HTTP/1.1)
POST /session/c2d42de92a345c0f7a4eda71ace5f8ad/window HTTP/1.1
User-Agent: selenium/4.7.1 (java windows)
Content-Length: 59
Content-Type: application/json; charset=utf-8
host: localhost:16881
accept: */*

Response DefaultHttpResponse(decodeResult: success, version: HTTP/1.1)
HTTP/1.1 200 OK
Content-Type: application/json; charset=utf-8
cache-control: no-cache
content-length: 14

11:16:02.705 [AsyncHttpClient-1-2] DEBUG org.asynchttpclient.netty.channel.ChannelManager - Adding key: http://localhost:16881 for channel [id: 0x9d045e13, L:/127.0.0.1:64286 - R:localhost/127.0.0.1:16881]
11:16:02.707 [Forwarding getCurrentUrl on session c2d42de92a345c0f7a4eda71ace5f8ad to remote] DEBUG org.asynchttpclient.netty.request.NettyRequestSender - Using pooled Channel '[id: 0x9d045e13, L:/127.0.0.1:64286 - R:localhost/127.0.0.1:16881]' for 'GET' to 'http://localhost:16881/session/c2d42de92a345c0f7a4eda71ace5f8ad/url'
11:16:02.707 [Forwarding getCurrentUrl on session c2d42de92a345c0f7a4eda71ace5f8ad to remote] DEBUG org.asynchttpclient.netty.request.NettyRequestSender - Using open Channel [id: 0x9d045e13, L:/127.0.0.1:64286 - R:localhost/127.0.0.1:16881] for GET '/session/c2d42de92a345c0f7a4eda71ace5f8ad/url'
11:16:02.709 [AsyncHttpClient-1-2] DEBUG org.asynchttpclient.netty.handler.HttpHandler - 

Request DefaultFullHttpRequest(decodeResult: success, version: HTTP/1.1, content: EmptyByteBufBE)
GET /session/c2d42de92a345c0f7a4eda71ace5f8ad/url HTTP/1.1
User-Agent: selenium/4.7.1 (java windows)
Cache-Control: no-cache
Content-Type: application/json; charset=utf-8
host: localhost:16881
accept: */*

Response DefaultHttpResponse(decodeResult: success, version: HTTP/1.1)
HTTP/1.1 200 OK
Content-Type: application/json; charset=utf-8
cache-control: no-cache
content-length: 38

11:16:02.709 [AsyncHttpClient-1-2] DEBUG org.asynchttpclient.netty.channel.ChannelManager - Adding key: http://localhost:16881 for channel [id: 0x9d045e13, L:/127.0.0.1:64286 - R:localhost/127.0.0.1:16881]
11:16:02.711 [Forwarding screenshot on session c2d42de92a345c0f7a4eda71ace5f8ad to remote] DEBUG org.asynchttpclient.netty.request.NettyRequestSender - Using pooled Channel '[id: 0x9d045e13, L:/127.0.0.1:64286 - R:localhost/127.0.0.1:16881]' for 'GET' to 'http://localhost:16881/session/c2d42de92a345c0f7a4eda71ace5f8ad/screenshot'
11:16:02.711 [Forwarding screenshot on session c2d42de92a345c0f7a4eda71ace5f8ad to remote] DEBUG org.asynchttpclient.netty.request.NettyRequestSender - Using open Channel [id: 0x9d045e13, L:/127.0.0.1:64286 - R:localhost/127.0.0.1:16881] for GET '/session/c2d42de92a345c0f7a4eda71ace5f8ad/screenshot'
11:16:02.846 [AsyncHttpClient-1-2] DEBUG org.asynchttpclient.netty.handler.HttpHandler - 

Request DefaultFullHttpRequest(decodeResult: success, version: HTTP/1.1, content: EmptyByteBufBE)
GET /session/c2d42de92a345c0f7a4eda71ace5f8ad/screenshot HTTP/1.1
User-Agent: selenium/4.7.1 (java windows)
Cache-Control: no-cache
Content-Type: application/json; charset=utf-8
host: localhost:16881
accept: */*

Response DefaultHttpResponse(decodeResult: success, version: HTTP/1.1)
HTTP/1.1 200 OK
Content-Type: application/json; charset=utf-8
cache-control: no-cache
content-length: 79692

11:16:02.848 [AsyncHttpClient-1-2] DEBUG org.asynchttpclient.netty.channel.ChannelManager - Adding key: http://localhost:16881 for channel [id: 0x9d045e13, L:/127.0.0.1:64286 - R:localhost/127.0.0.1:16881]
11:16:02.852 [main] DEBUG net.serenitybdd.core.photography.Darkroom - Send negative for processing for target\site\serenity\8c6f63fcb14352919fcdb8c076bcd1b21379ad33d10ce6571f23fa6472357aea.png
11:16:02.852 [Darkroom Processing Line] DEBUG net.serenitybdd.core.photography.DarkroomProcessingLine - Processing screenshot image in /var/screenshots/screenshot-3535541908148621464
11:16:02.852 [Darkroom Processing Line] DEBUG net.serenitybdd.core.photography.DarkroomProcessingLine - Saving screenshot to target\site\serenity\8c6f63fcb14352919fcdb8c076bcd1b21379ad33d10ce6571f23fa6472357aea.png
11:16:02.859 [Forwarding getPageSource on session c2d42de92a345c0f7a4eda71ace5f8ad to remote] DEBUG org.asynchttpclient.netty.request.NettyRequestSender - Using pooled Channel '[id: 0x9d045e13, L:/127.0.0.1:64286 - R:localhost/127.0.0.1:16881]' for 'POST' to 'http://localhost:16881/session/c2d42de92a345c0f7a4eda71ace5f8ad/execute/sync'
11:16:02.859 [Forwarding getPageSource on session c2d42de92a345c0f7a4eda71ace5f8ad to remote] DEBUG org.asynchttpclient.netty.request.NettyRequestSender - Using open Channel [id: 0x9d045e13, L:/127.0.0.1:64286 - R:localhost/127.0.0.1:16881] for POST '/session/c2d42de92a345c0f7a4eda71ace5f8ad/execute/sync'
11:16:02.864 [AsyncHttpClient-1-2] DEBUG org.asynchttpclient.netty.handler.HttpHandler - 

Request DefaultHttpRequest(decodeResult: success, version: HTTP/1.1)
POST /session/c2d42de92a345c0f7a4eda71ace5f8ad/execute/sync HTTP/1.1
User-Agent: selenium/4.7.1 (java windows)
Content-Length: 176
Content-Type: application/json; charset=utf-8
host: localhost:16881
accept: */*

Response DefaultHttpResponse(decodeResult: success, version: HTTP/1.1)
HTTP/1.1 200 OK
Content-Type: application/json; charset=utf-8
cache-control: no-cache
content-length: 4185

11:16:02.865 [AsyncHttpClient-1-2] DEBUG org.asynchttpclient.netty.channel.ChannelManager - Adding key: http://localhost:16881 for channel [id: 0x9d045e13, L:/127.0.0.1:64286 - R:localhost/127.0.0.1:16881]
11:16:02.869 [Forwarding getCurrentUrl on session c2d42de92a345c0f7a4eda71ace5f8ad to remote] DEBUG org.asynchttpclient.netty.request.NettyRequestSender - Using pooled Channel '[id: 0x9d045e13, L:/127.0.0.1:64286 - R:localhost/127.0.0.1:16881]' for 'GET' to 'http://localhost:16881/session/c2d42de92a345c0f7a4eda71ace5f8ad/url'
11:16:02.869 [Forwarding getCurrentUrl on session c2d42de92a345c0f7a4eda71ace5f8ad to remote] DEBUG org.asynchttpclient.netty.request.NettyRequestSender - Using open Channel [id: 0x9d045e13, L:/127.0.0.1:64286 - R:localhost/127.0.0.1:16881] for GET '/session/c2d42de92a345c0f7a4eda71ace5f8ad/url'
11:16:02.873 [AsyncHttpClient-1-2] DEBUG org.asynchttpclient.netty.handler.HttpHandler - 

Request DefaultFullHttpRequest(decodeResult: success, version: HTTP/1.1, content: EmptyByteBufBE)
GET /session/c2d42de92a345c0f7a4eda71ace5f8ad/url HTTP/1.1
User-Agent: selenium/4.7.1 (java windows)
Cache-Control: no-cache
Content-Type: application/json; charset=utf-8
host: localhost:16881
accept: */*

Response DefaultHttpResponse(decodeResult: success, version: HTTP/1.1)
HTTP/1.1 200 OK
Content-Type: application/json; charset=utf-8
cache-control: no-cache
content-length: 38

11:16:02.873 [AsyncHttpClient-1-2] DEBUG org.asynchttpclient.netty.channel.ChannelManager - Adding key: http://localhost:16881 for channel [id: 0x9d045e13, L:/127.0.0.1:64286 - R:localhost/127.0.0.1:16881]
11:16:02.878 [Forwarding findElement on session c2d42de92a345c0f7a4eda71ace5f8ad to remote] DEBUG org.asynchttpclient.netty.request.NettyRequestSender - Using pooled Channel '[id: 0x9d045e13, L:/127.0.0.1:64286 - R:localhost/127.0.0.1:16881]' for 'POST' to 'http://localhost:16881/session/c2d42de92a345c0f7a4eda71ace5f8ad/element'
11:16:02.879 [Forwarding findElement on session c2d42de92a345c0f7a4eda71ace5f8ad to remote] DEBUG org.asynchttpclient.netty.request.NettyRequestSender - Using open Channel [id: 0x9d045e13, L:/127.0.0.1:64286 - R:localhost/127.0.0.1:16881] for POST '/session/c2d42de92a345c0f7a4eda71ace5f8ad/element'
11:16:02.895 [AsyncHttpClient-1-2] DEBUG org.asynchttpclient.netty.handler.HttpHandler - 

Request DefaultHttpRequest(decodeResult: success, version: HTTP/1.1)
POST /session/c2d42de92a345c0f7a4eda71ace5f8ad/element HTTP/1.1
User-Agent: selenium/4.7.1 (java windows)
Content-Length: 59
Content-Type: application/json; charset=utf-8
host: localhost:16881
accept: */*

Response DefaultHttpResponse(decodeResult: success, version: HTTP/1.1)
HTTP/1.1 200 OK
Content-Type: application/json; charset=utf-8
cache-control: no-cache
content-length: 88

11:16:02.895 [AsyncHttpClient-1-2] DEBUG org.asynchttpclient.netty.channel.ChannelManager - Adding key: http://localhost:16881 for channel [id: 0x9d045e13, L:/127.0.0.1:64286 - R:localhost/127.0.0.1:16881]
11:16:02.898 [Forwarding clickElement on session c2d42de92a345c0f7a4eda71ace5f8ad to remote] DEBUG org.asynchttpclient.netty.request.NettyRequestSender - Using pooled Channel '[id: 0x9d045e13, L:/127.0.0.1:64286 - R:localhost/127.0.0.1:16881]' for 'POST' to 'http://localhost:16881/session/c2d42de92a345c0f7a4eda71ace5f8ad/element/fa32b623-cfde-415f-9124-9b4702ee697b/click'
11:16:02.898 [Forwarding clickElement on session c2d42de92a345c0f7a4eda71ace5f8ad to remote] DEBUG org.asynchttpclient.netty.request.NettyRequestSender - Using open Channel [id: 0x9d045e13, L:/127.0.0.1:64286 - R:localhost/127.0.0.1:16881] for POST '/session/c2d42de92a345c0f7a4eda71ace5f8ad/element/fa32b623-cfde-415f-9124-9b4702ee697b/click'
11:16:03.012 [AsyncHttpClient-1-2] DEBUG org.asynchttpclient.netty.handler.HttpHandler - 

Request DefaultHttpRequest(decodeResult: success, version: HTTP/1.1)
POST /session/c2d42de92a345c0f7a4eda71ace5f8ad/element/fa32b623-cfde-415f-9124-9b4702ee697b/click HTTP/1.1
User-Agent: selenium/4.7.1 (java windows)
Content-Length: 50
Content-Type: application/json; charset=utf-8
host: localhost:16881
accept: */*

Response DefaultHttpResponse(decodeResult: success, version: HTTP/1.1)
HTTP/1.1 200 OK
Content-Type: application/json; charset=utf-8
cache-control: no-cache
content-length: 14

11:16:03.013 [AsyncHttpClient-1-2] DEBUG org.asynchttpclient.netty.channel.ChannelManager - Adding key: http://localhost:16881 for channel [id: 0x9d045e13, L:/127.0.0.1:64286 - R:localhost/127.0.0.1:16881]
  &amp#27;[32mThen &amp#27;[0m&amp#27;[32mI click on Login&amp#27;[0m                      &amp#27;[90m# Class6BDD.steps.LoginSteps.IClickLoginButton()&amp#27;[0m
11:16:03.024 [Forwarding getCurrentWindowHandle on session c2d42de92a345c0f7a4eda71ace5f8ad to remote] DEBUG org.asynchttpclient.netty.request.NettyRequestSender - Using pooled Channel '[id: 0x9d045e13, L:/127.0.0.1:64286 - R:localhost/127.0.0.1:16881]' for 'GET' to 'http://localhost:16881/session/c2d42de92a345c0f7a4eda71ace5f8ad/window'
11:16:03.024 [Forwarding getCurrentWindowHandle on session c2d42de92a345c0f7a4eda71ace5f8ad to remote] DEBUG org.asynchttpclient.netty.request.NettyRequestSender - Using open Channel [id: 0x9d045e13, L:/127.0.0.1:64286 - R:localhost/127.0.0.1:16881] for GET '/session/c2d42de92a345c0f7a4eda71ace5f8ad/window'
11:16:03.026 [AsyncHttpClient-1-2] DEBUG org.asynchttpclient.netty.handler.HttpHandler - 

Request DefaultFullHttpRequest(decodeResult: success, version: HTTP/1.1, content: EmptyByteBufBE)
GET /session/c2d42de92a345c0f7a4eda71ace5f8ad/window HTTP/1.1
User-Agent: selenium/4.7.1 (java windows)
Cache-Control: no-cache
Content-Type: application/json; charset=utf-8
host: localhost:16881
accept: */*

Response DefaultHttpResponse(decodeResult: success, version: HTTP/1.1)
HTTP/1.1 200 OK
Content-Type: application/json; charset=utf-8
cache-control: no-cache
content-length: 53

11:16:03.026 [AsyncHttpClient-1-2] DEBUG org.asynchttpclient.netty.channel.ChannelManager - Adding key: http://localhost:16881 for channel [id: 0x9d045e13, L:/127.0.0.1:64286 - R:localhost/127.0.0.1:16881]
11:16:03.029 [Forwarding getAlertText on session c2d42de92a345c0f7a4eda71ace5f8ad to remote] DEBUG org.asynchttpclient.netty.request.NettyRequestSender - Using pooled Channel '[id: 0x9d045e13, L:/127.0.0.1:64286 - R:localhost/127.0.0.1:16881]' for 'GET' to 'http://localhost:16881/session/c2d42de92a345c0f7a4eda71ace5f8ad/alert/text'
11:16:03.029 [Forwarding getAlertText on session c2d42de92a345c0f7a4eda71ace5f8ad to remote] DEBUG org.asynchttpclient.netty.request.NettyRequestSender - Using open Channel [id: 0x9d045e13, L:/127.0.0.1:64286 - R:localhost/127.0.0.1:16881] for GET '/session/c2d42de92a345c0f7a4eda71ace5f8ad/alert/text'
11:16:03.032 [AsyncHttpClient-1-2] DEBUG org.asynchttpclient.netty.handler.HttpHandler - 

Request DefaultFullHttpRequest(decodeResult: success, version: HTTP/1.1, content: EmptyByteBufBE)
GET /session/c2d42de92a345c0f7a4eda71ace5f8ad/alert/text HTTP/1.1
User-Agent: selenium/4.7.1 (java windows)
Cache-Control: no-cache
Content-Type: application/json; charset=utf-8
host: localhost:16881
accept: */*

Response DefaultHttpResponse(decodeResult: success, version: HTTP/1.1)
HTTP/1.1 404 Not Found
Content-Type: application/json; charset=utf-8
cache-control: no-cache
content-length: 834

11:16:03.032 [AsyncHttpClient-1-2] DEBUG org.asynchttpclient.netty.channel.ChannelManager - Adding key: http://localhost:16881 for channel [id: 0x9d045e13, L:/127.0.0.1:64286 - R:localhost/127.0.0.1:16881]
11:16:03.034 [Forwarding switchToWindow on session c2d42de92a345c0f7a4eda71ace5f8ad to remote] DEBUG org.asynchttpclient.netty.request.NettyRequestSender - Using pooled Channel '[id: 0x9d045e13, L:/127.0.0.1:64286 - R:localhost/127.0.0.1:16881]' for 'POST' to 'http://localhost:16881/session/c2d42de92a345c0f7a4eda71ace5f8ad/window'
11:16:03.034 [Forwarding switchToWindow on session c2d42de92a345c0f7a4eda71ace5f8ad to remote] DEBUG org.asynchttpclient.netty.request.NettyRequestSender - Using open Channel [id: 0x9d045e13, L:/127.0.0.1:64286 - R:localhost/127.0.0.1:16881] for POST '/session/c2d42de92a345c0f7a4eda71ace5f8ad/window'
11:16:03.036 [AsyncHttpClient-1-2] DEBUG org.asynchttpclient.netty.handler.HttpHandler - 

Request DefaultHttpRequest(decodeResult: success, version: HTTP/1.1)
POST /session/c2d42de92a345c0f7a4eda71ace5f8ad/window HTTP/1.1
User-Agent: selenium/4.7.1 (java windows)
Content-Length: 59
Content-Type: application/json; charset=utf-8
host: localhost:16881
accept: */*

Response DefaultHttpResponse(decodeResult: success, version: HTTP/1.1)
HTTP/1.1 200 OK
Content-Type: application/json; charset=utf-8
cache-control: no-cache
content-length: 14

11:16:03.036 [AsyncHttpClient-1-2] DEBUG org.asynchttpclient.netty.channel.ChannelManager - Adding key: http://localhost:16881 for channel [id: 0x9d045e13, L:/127.0.0.1:64286 - R:localhost/127.0.0.1:16881]
11:16:03.037 [Forwarding getCurrentUrl on session c2d42de92a345c0f7a4eda71ace5f8ad to remote] DEBUG org.asynchttpclient.netty.request.NettyRequestSender - Using pooled Channel '[id: 0x9d045e13, L:/127.0.0.1:64286 - R:localhost/127.0.0.1:16881]' for 'GET' to 'http://localhost:16881/session/c2d42de92a345c0f7a4eda71ace5f8ad/url'
11:16:03.038 [Forwarding getCurrentUrl on session c2d42de92a345c0f7a4eda71ace5f8ad to remote] DEBUG org.asynchttpclient.netty.request.NettyRequestSender - Using open Channel [id: 0x9d045e13, L:/127.0.0.1:64286 - R:localhost/127.0.0.1:16881] for GET '/session/c2d42de92a345c0f7a4eda71ace5f8ad/url'
11:16:03.042 [AsyncHttpClient-1-2] DEBUG org.asynchttpclient.netty.handler.HttpHandler - 

Request DefaultFullHttpRequest(decodeResult: success, version: HTTP/1.1, content: EmptyByteBufBE)
GET /session/c2d42de92a345c0f7a4eda71ace5f8ad/url HTTP/1.1
User-Agent: selenium/4.7.1 (java windows)
Cache-Control: no-cache
Content-Type: application/json; charset=utf-8
host: localhost:16881
accept: */*

Response DefaultHttpResponse(decodeResult: success, version: HTTP/1.1)
HTTP/1.1 200 OK
Content-Type: application/json; charset=utf-8
cache-control: no-cache
content-length: 52

11:16:03.042 [AsyncHttpClient-1-2] DEBUG org.asynchttpclient.netty.channel.ChannelManager - Adding key: http://localhost:16881 for channel [id: 0x9d045e13, L:/127.0.0.1:64286 - R:localhost/127.0.0.1:16881]
11:16:03.043 [Forwarding screenshot on session c2d42de92a345c0f7a4eda71ace5f8ad to remote] DEBUG org.asynchttpclient.netty.request.NettyRequestSender - Using pooled Channel '[id: 0x9d045e13, L:/127.0.0.1:64286 - R:localhost/127.0.0.1:16881]' for 'GET' to 'http://localhost:16881/session/c2d42de92a345c0f7a4eda71ace5f8ad/screenshot'
11:16:03.043 [Forwarding screenshot on session c2d42de92a345c0f7a4eda71ace5f8ad to remote] DEBUG org.asynchttpclient.netty.request.NettyRequestSender - Using open Channel [id: 0x9d045e13, L:/127.0.0.1:64286 - R:localhost/127.0.0.1:16881] for GET '/session/c2d42de92a345c0f7a4eda71ace5f8ad/screenshot'
11:16:03.380 [AsyncHttpClient-1-1] DEBUG org.asynchttpclient.netty.channel.DefaultChannelPool - Entry count for : http://localhost:64287 : 1
11:16:03.450 [AsyncHttpClient-1-2] DEBUG org.asynchttpclient.netty.handler.HttpHandler - 

Request DefaultFullHttpRequest(decodeResult: success, version: HTTP/1.1, content: EmptyByteBufBE)
GET /session/c2d42de92a345c0f7a4eda71ace5f8ad/screenshot HTTP/1.1
User-Agent: selenium/4.7.1 (java windows)
Cache-Control: no-cache
Content-Type: application/json; charset=utf-8
host: localhost:16881
accept: */*

Response DefaultHttpResponse(decodeResult: success, version: HTTP/1.1)
HTTP/1.1 200 OK
Content-Type: application/json; charset=utf-8
cache-control: no-cache
content-length: 864432

11:16:03.454 [AsyncHttpClient-1-2] DEBUG org.asynchttpclient.netty.channel.ChannelManager - Adding key: http://localhost:16881 for channel [id: 0x9d045e13, L:/127.0.0.1:64286 - R:localhost/127.0.0.1:16881]
11:16:03.474 [main] DEBUG net.serenitybdd.core.photography.Darkroom - Send negative for processing for target\site\serenity\6c97ac4a99088a602f07984e966d0ef82e4e8c88bd79fe2d507860854f688f2b.png
11:16:03.474 [Darkroom Processing Line] DEBUG net.serenitybdd.core.photography.DarkroomProcessingLine - Processing screenshot image in /var/screenshots/screenshot-12303636295215276391
11:16:03.474 [Darkroom Processing Line] DEBUG net.serenitybdd.core.photography.DarkroomProcessingLine - Saving screenshot to target\site\serenity\6c97ac4a99088a602f07984e966d0ef82e4e8c88bd79fe2d507860854f688f2b.png
11:16:03.479 [Forwarding getPageSource on session c2d42de92a345c0f7a4eda71ace5f8ad to remote] DEBUG org.asynchttpclient.netty.request.NettyRequestSender - Using pooled Channel '[id: 0x9d045e13, L:/127.0.0.1:64286 - R:localhost/127.0.0.1:16881]' for 'POST' to 'http://localhost:16881/session/c2d42de92a345c0f7a4eda71ace5f8ad/execute/sync'
11:16:03.479 [Forwarding getPageSource on session c2d42de92a345c0f7a4eda71ace5f8ad to remote] DEBUG org.asynchttpclient.netty.request.NettyRequestSender - Using open Channel [id: 0x9d045e13, L:/127.0.0.1:64286 - R:localhost/127.0.0.1:16881] for POST '/session/c2d42de92a345c0f7a4eda71ace5f8ad/execute/sync'
11:16:03.500 [AsyncHttpClient-1-2] DEBUG org.asynchttpclient.netty.handler.HttpHandler - 

Request DefaultHttpRequest(decodeResult: success, version: HTTP/1.1)
POST /session/c2d42de92a345c0f7a4eda71ace5f8ad/execute/sync HTTP/1.1
User-Agent: selenium/4.7.1 (java windows)
Content-Length: 176
Content-Type: application/json; charset=utf-8
host: localhost:16881
accept: */*

Response DefaultHttpResponse(decodeResult: success, version: HTTP/1.1)
HTTP/1.1 200 OK
Content-Type: application/json; charset=utf-8
cache-control: no-cache
content-length: 15270

11:16:03.500 [AsyncHttpClient-1-2] DEBUG org.asynchttpclient.netty.channel.ChannelManager - Adding key: http://localhost:16881 for channel [id: 0x9d045e13, L:/127.0.0.1:64286 - R:localhost/127.0.0.1:16881]
11:16:03.511 [Forwarding getCurrentUrl on session c2d42de92a345c0f7a4eda71ace5f8ad to remote] DEBUG org.asynchttpclient.netty.request.NettyRequestSender - Using pooled Channel '[id: 0x9d045e13, L:/127.0.0.1:64286 - R:localhost/127.0.0.1:16881]' for 'GET' to 'http://localhost:16881/session/c2d42de92a345c0f7a4eda71ace5f8ad/url'
11:16:03.511 [Forwarding getCurrentUrl on session c2d42de92a345c0f7a4eda71ace5f8ad to remote] DEBUG org.asynchttpclient.netty.request.NettyRequestSender - Using open Channel [id: 0x9d045e13, L:/127.0.0.1:64286 - R:localhost/127.0.0.1:16881] for GET '/session/c2d42de92a345c0f7a4eda71ace5f8ad/url'
11:16:03.514 [AsyncHttpClient-1-2] DEBUG org.asynchttpclient.netty.handler.HttpHandler - 

Request DefaultFullHttpRequest(decodeResult: success, version: HTTP/1.1, content: EmptyByteBufBE)
GET /session/c2d42de92a345c0f7a4eda71ace5f8ad/url HTTP/1.1
User-Agent: selenium/4.7.1 (java windows)
Cache-Control: no-cache
Content-Type: application/json; charset=utf-8
host: localhost:16881
accept: */*

Response DefaultHttpResponse(decodeResult: success, version: HTTP/1.1)
HTTP/1.1 200 OK
Content-Type: application/json; charset=utf-8
cache-control: no-cache
content-length: 52

11:16:03.514 [AsyncHttpClient-1-2] DEBUG org.asynchttpclient.netty.channel.ChannelManager - Adding key: http://localhost:16881 for channel [id: 0x9d045e13, L:/127.0.0.1:64286 - R:localhost/127.0.0.1:16881]
11:16:04.478 [AsyncHttpClient-1-1] DEBUG org.asynchttpclient.netty.channel.DefaultChannelPool - Entry count for : http://localhost:16881 : 1
11:16:04.478 [AsyncHttpClient-1-1] DEBUG org.asynchttpclient.netty.channel.DefaultChannelPool - Entry count for : http://localhost:64287 : 1
11:16:05.580 [AsyncHttpClient-1-1] DEBUG org.asynchttpclient.netty.channel.DefaultChannelPool - Entry count for : http://localhost:16881 : 1
11:16:05.580 [AsyncHttpClient-1-1] DEBUG org.asynchttpclient.netty.channel.DefaultChannelPool - Entry count for : http://localhost:64287 : 1
11:16:06.685 [AsyncHttpClient-1-1] DEBUG org.asynchttpclient.netty.channel.DefaultChannelPool - Entry count for : http://localhost:16881 : 1
11:16:06.685 [AsyncHttpClient-1-1] DEBUG org.asynchttpclient.netty.channel.DefaultChannelPool - Entry count for : http://localhost:64287 : 1
11:16:07.781 [AsyncHttpClient-1-1] DEBUG org.asynchttpclient.netty.channel.DefaultChannelPool - Entry count for : http://localhost:16881 : 1
11:16:07.781 [AsyncHttpClient-1-1] DEBUG org.asynchttpclient.netty.channel.DefaultChannelPool - Entry count for : http://localhost:64287 : 1
  &amp#27;[32mThen &amp#27;[0m&amp#27;[32mJust wait &amp#27;[0m&amp#27;[32m&amp#27;[1m5000&amp#27;[0m                        &amp#27;[90m# Class6BDD.steps.CommonSteps.justWait(int)&amp#27;[0m
11:16:08.558 [Forwarding getCurrentWindowHandle on session c2d42de92a345c0f7a4eda71ace5f8ad to remote] DEBUG org.asynchttpclient.netty.request.NettyRequestSender - Using pooled Channel '[id: 0x9d045e13, L:/127.0.0.1:64286 - R:localhost/127.0.0.1:16881]' for 'GET' to 'http://localhost:16881/session/c2d42de92a345c0f7a4eda71ace5f8ad/window'
11:16:08.558 [Forwarding getCurrentWindowHandle on session c2d42de92a345c0f7a4eda71ace5f8ad to remote] DEBUG org.asynchttpclient.netty.request.NettyRequestSender - Using open Channel [id: 0x9d045e13, L:/127.0.0.1:64286 - R:localhost/127.0.0.1:16881] for GET '/session/c2d42de92a345c0f7a4eda71ace5f8ad/window'
11:16:08.560 [AsyncHttpClient-1-2] DEBUG org.asynchttpclient.netty.handler.HttpHandler - 

[...]
11:16:21.722 [Forwarding findElement on session 830d92b298b49522c4491844a68d5079 to remote] DEBUG org.asynchttpclient.netty.request.NettyRequestSender - Using open Channel [id: 0x27535f86, L:/127.0.0.1:64330 - R:localhost/127.0.0.1:23284] for POST '/session/830d92b298b49522c4491844a68d5079/element'
11:16:21.727 [AsyncHttpClient-1-8] DEBUG org.asynchttpclient.netty.handler.HttpHandler - 

Request DefaultHttpRequest(decodeResult: success, version: HTTP/1.1)
POST /session/830d92b298b49522c4491844a68d5079/element HTTP/1.1
User-Agent: selenium/4.7.1 (java windows)
Content-Length: 86
Content-Type: application/json; charset=utf-8
host: localhost:23284
accept: */*

Response DefaultHttpResponse(decodeResult: success, version: HTTP/1.1)
HTTP/1.1 200 OK
Content-Type: application/json; charset=utf-8
cache-control: no-cache
content-length: 88

11:16:21.727 [AsyncHttpClient-1-8] DEBUG org.asynchttpclient.netty.channel.ChannelManager - Adding key: http://localhost:23284 for channel [id: 0x27535f86, L:/127.0.0.1:64330 - R:localhost/127.0.0.1:23284]
11:16:21.729 [Forwarding getElementText on session 830d92b298b49522c4491844a68d5079 to remote] DEBUG org.asynchttpclient.netty.request.NettyRequestSender - Using pooled Channel '[id: 0x27535f86, L:/127.0.0.1:64330 - R:localhost/127.0.0.1:23284]' for 'GET' to 'http://localhost:23284/session/830d92b298b49522c4491844a68d5079/element/dffc4c49-16ad-487c-ac62-4c2c6e994746/text'
11:16:21.729 [Forwarding getElementText on session 830d92b298b49522c4491844a68d5079 to remote] DEBUG org.asynchttpclient.netty.request.NettyRequestSender - Using open Channel [id: 0x27535f86, L:/127.0.0.1:64330 - R:localhost/127.0.0.1:23284] for GET '/session/830d92b298b49522c4491844a68d5079/element/dffc4c49-16ad-487c-ac62-4c2c6e994746/text'
11:16:21.739 [AsyncHttpClient-1-8] DEBUG org.asynchttpclient.netty.handler.HttpHandler - 

Request DefaultFullHttpRequest(decodeResult: success, version: HTTP/1.1, content: EmptyByteBufBE)
GET /session/830d92b298b49522c4491844a68d5079/element/dffc4c49-16ad-487c-ac62-4c2c6e994746/text HTTP/1.1
User-Agent: selenium/4.7.1 (java windows)
Cache-Control: no-cache
Content-Type: application/json; charset=utf-8
host: localhost:23284
accept: */*

Response DefaultHttpResponse(decodeResult: success, version: HTTP/1.1)
HTTP/1.1 200 OK
Content-Type: application/json; charset=utf-8
cache-control: no-cache
content-length: 31

11:16:21.739 [AsyncHttpClient-1-8] DEBUG org.asynchttpclient.netty.channel.ChannelManager - Adding key: http://localhost:23284 for channel [id: 0x27535f86, L:/127.0.0.1:64330 - R:localhost/127.0.0.1:23284]
  &amp#27;[32mThen &amp#27;[0m&amp#27;[32mI check on cart &amp#27;[0m&amp#27;[32m&amp#27;[1m"Sauce Labs Backpack"&amp#27;[0m          &amp#27;[90m# Class6BDD.steps.CartSteps.iCheckOnCart(java.lang.String)&amp#27;[0m
11:16:21.747 [Forwarding getPageSource on session 830d92b298b49522c4491844a68d5079 to remote] DEBUG org.asynchttpclient.netty.request.NettyRequestSender - Using pooled Channel '[id: 0x27535f86, L:/127.0.0.1:64330 - R:localhost/127.0.0.1:23284]' for 'POST' to 'http://localhost:23284/session/830d92b298b49522c4491844a68d5079/execute/sync'
11:16:21.747 [Forwarding getPageSource on session 830d92b298b49522c4491844a68d5079 to remote] DEBUG org.asynchttpclient.netty.request.NettyRequestSender - Using open Channel [id: 0x27535f86, L:/127.0.0.1:64330 - R:localhost/127.0.0.1:23284] for POST '/session/830d92b298b49522c4491844a68d5079/execute/sync'
11:16:21.750 [AsyncHttpClient-1-8] DEBUG org.asynchttpclient.netty.handler.HttpHandler - 

Request DefaultHttpRequest(decodeResult: success, version: HTTP/1.1)
POST /session/830d92b298b49522c4491844a68d5079/execute/sync HTTP/1.1
User-Agent: selenium/4.7.1 (java windows)
Content-Length: 176
Content-Type: application/json; charset=utf-8
host: localhost:23284
accept: */*

Response DefaultHttpResponse(decodeResult: success, version: HTTP/1.1)
HTTP/1.1 200 OK
Content-Type: application/json; charset=utf-8
cache-control: no-cache
content-length: 10121

11:16:21.750 [AsyncHttpClient-1-8] DEBUG org.asynchttpclient.netty.channel.ChannelManager - Adding key: http://localhost:23284 for channel [id: 0x27535f86, L:/127.0.0.1:64330 - R:localhost/127.0.0.1:23284]
11:16:21.752 [Forwarding getCurrentUrl on session 830d92b298b49522c4491844a68d5079 to remote] DEBUG org.asynchttpclient.netty.request.NettyRequestSender - Using pooled Channel '[id: 0x27535f86, L:/127.0.0.1:64330 - R:localhost/127.0.0.1:23284]' for 'GET' to 'http://localhost:23284/session/830d92b298b49522c4491844a68d5079/url'
11:16:21.753 [Forwarding getCurrentUrl on session 830d92b298b49522c4491844a68d5079 to remote] DEBUG org.asynchttpclient.netty.request.NettyRequestSender - Using open Channel [id: 0x27535f86, L:/127.0.0.1:64330 - R:localhost/127.0.0.1:23284] for GET '/session/830d92b298b49522c4491844a68d5079/url'
11:16:21.756 [AsyncHttpClient-1-8] DEBUG org.asynchttpclient.netty.handler.HttpHandler - 

Request DefaultFullHttpRequest(decodeResult: success, version: HTTP/1.1, content: EmptyByteBufBE)
GET /session/830d92b298b49522c4491844a68d5079/url HTTP/1.1
User-Agent: selenium/4.7.1 (java windows)
Cache-Control: no-cache
Content-Type: application/json; charset=utf-8
host: localhost:23284
accept: */*

Response DefaultHttpResponse(decodeResult: success, version: HTTP/1.1)
HTTP/1.1 200 OK
Content-Type: application/json; charset=utf-8
cache-control: no-cache
content-length: 47

11:16:21.756 [AsyncHttpClient-1-8] DEBUG org.asynchttpclient.netty.channel.ChannelManager - Adding key: http://localhost:23284 for channel [id: 0x27535f86, L:/127.0.0.1:64330 - R:localhost/127.0.0.1:23284]
11:16:22.086 [AsyncHttpClient-1-1] DEBUG org.asynchttpclient.netty.channel.DefaultChannelPool - Entry count for : http://localhost:23284 : 1
11:16:22.086 [AsyncHttpClient-1-1] DEBUG org.asynchttpclient.netty.channel.DefaultChannelPool - Entry count for : http://localhost:64331 : 1
11:16:23.179 [AsyncHttpClient-1-1] DEBUG org.asynchttpclient.netty.channel.DefaultChannelPool - Entry count for : http://localhost:23284 : 1
11:16:23.179 [AsyncHttpClient-1-1] DEBUG org.asynchttpclient.netty.channel.DefaultChannelPool - Entry count for : http://localhost:64331 : 1
11:16:24.278 [AsyncHttpClient-1-1] DEBUG org.asynchttpclient.netty.channel.DefaultChannelPool - Entry count for : http://localhost:23284 : 1
11:16:24.278 [AsyncHttpClient-1-1] DEBUG org.asynchttpclient.netty.channel.DefaultChannelPool - Entry count for : http://localhost:64331 : 1
11:16:25.378 [AsyncHttpClient-1-1] DEBUG org.asynchttpclient.netty.channel.DefaultChannelPool - Entry count for : http://localhost:23284 : 1
11:16:25.379 [AsyncHttpClient-1-1] DEBUG org.asynchttpclient.netty.channel.DefaultChannelPool - Entry count for : http://localhost:64331 : 1
11:16:26.479 [AsyncHttpClient-1-1] DEBUG org.asynchttpclient.netty.channel.DefaultChannelPool - Entry count for : http://localhost:23284 : 1
11:16:26.479 [AsyncHttpClient-1-1] DEBUG org.asynchttpclient.netty.channel.DefaultChannelPool - Entry count for : http://localhost:64331 : 1
  &amp#27;[32mThen &amp#27;[0m&amp#27;[32mJust wait &amp#27;[0m&amp#27;[32m&amp#27;[1m5000&amp#27;[0m                                 &amp#27;[90m# Class6BDD.steps.CommonSteps.justWait(int)&amp#27;[0m
11:16:26.778 [Forwarding getCurrentWindowHandle on session 830d92b298b49522c4491844a68d5079 to remote] DEBUG org.asynchttpclient.netty.request.NettyRequestSender - Using pooled Channel '[id: 0x27535f86, L:/127.0.0.1:64330 - R:localhost/127.0.0.1:23284]' for 'GET' to 'http://localhost:23284/session/830d92b298b49522c4491844a68d5079/window'
11:16:26.778 [Forwarding getCurrentWindowHandle on session 830d92b298b49522c4491844a68d5079 to remote] DEBUG org.asynchttpclient.netty.request.NettyRequestSender - Using open Channel [id: 0x27535f86, L:/127.0.0.1:64330 - R:localhost/127.0.0.1:23284] for GET '/session/830d92b298b49522c4491844a68d5079/window'
11:16:26.779 [AsyncHttpClient-1-8] DEBUG org.asynchttpclient.netty.handler.HttpHandler - 

Request DefaultFullHttpRequest(decodeResult: success, version: HTTP/1.1, content: EmptyByteBufBE)
GET /session/830d92b298b49522c4491844a68d5079/window HTTP/1.1
User-Agent: selenium/4.7.1 (java windows)
Cache-Control: no-cache
Content-Type: application/json; charset=utf-8
host: localhost:23284
accept: */*

Response DefaultHttpResponse(decodeResult: success, version: HTTP/1.1)
HTTP/1.1 200 OK
Content-Type: application/json; charset=utf-8
cache-control: no-cache
content-length: 53

11:16:26.779 [AsyncHttpClient-1-8] DEBUG org.asynchttpclient.netty.channel.ChannelManager - Adding key: http://localhost:23284 for channel [id: 0x27535f86, L:/127.0.0.1:64330 - R:localhost/127.0.0.1:23284]
11:16:26.780 [Forwarding getAlertText on session 830d92b298b49522c4491844a68d5079 to remote] DEBUG org.asynchttpclient.netty.request.NettyRequestSender - Using pooled Channel '[id: 0x27535f86, L:/127.0.0.1:64330 - R:localhost/127.0.0.1:23284]' for 'GET' to 'http://localhost:23284/session/830d92b298b49522c4491844a68d5079/alert/text'
11:16:26.780 [Forwarding getAlertText on session 830d92b298b49522c4491844a68d5079 to remote] DEBUG org.asynchttpclient.netty.request.NettyRequestSender - Using open Channel [id: 0x27535f86, L:/127.0.0.1:64330 - R:localhost/127.0.0.1:23284] for GET '/session/830d92b298b49522c4491844a68d5079/alert/text'
11:16:26.783 [AsyncHttpClient-1-8] DEBUG org.asynchttpclient.netty.handler.HttpHandler - 

Request DefaultFullHttpRequest(decodeResult: success, version: HTTP/1.1, content: EmptyByteBufBE)
GET /session/830d92b298b49522c4491844a68d5079/alert/text HTTP/1.1
User-Agent: selenium/4.7.1 (java windows)
Cache-Control: no-cache
Content-Type: application/json; charset=utf-8
host: localhost:23284
accept: */*

Response DefaultHttpResponse(decodeResult: success, version: HTTP/1.1)
HTTP/1.1 404 Not Found
Content-Type: application/json; charset=utf-8
cache-control: no-cache
content-length: 834

11:16:26.783 [AsyncHttpClient-1-8] DEBUG org.asynchttpclient.netty.channel.ChannelManager - Adding key: http://localhost:23284 for channel [id: 0x27535f86, L:/127.0.0.1:64330 - R:localhost/127.0.0.1:23284]
11:16:26.784 [Forwarding switchToWindow on session 830d92b298b49522c4491844a68d5079 to remote] DEBUG org.asynchttpclient.netty.request.NettyRequestSender - Using pooled Channel '[id: 0x27535f86, L:/127.0.0.1:64330 - R:localhost/127.0.0.1:23284]' for 'POST' to 'http://localhost:23284/session/830d92b298b49522c4491844a68d5079/window'
11:16:26.784 [Forwarding switchToWindow on session 830d92b298b49522c4491844a68d5079 to remote] DEBUG org.asynchttpclient.netty.request.NettyRequestSender - Using open Channel [id: 0x27535f86, L:/127.0.0.1:64330 - R:localhost/127.0.0.1:23284] for POST '/session/830d92b298b49522c4491844a68d5079/window'
11:16:26.786 [AsyncHttpClient-1-8] DEBUG org.asynchttpclient.netty.handler.HttpHandler - 

Request DefaultHttpRequest(decodeResult: success, version: HTTP/1.1)
POST /session/830d92b298b49522c4491844a68d5079/window HTTP/1.1
User-Agent: selenium/4.7.1 (java windows)
Content-Length: 59
Content-Type: application/json; charset=utf-8
host: localhost:23284
accept: */*

Response DefaultHttpResponse(decodeResult: success, version: HTTP/1.1)
HTTP/1.1 200 OK
Content-Type: application/json; charset=utf-8
cache-control: no-cache
content-length: 14

11:16:26.786 [AsyncHttpClient-1-8] DEBUG org.asynchttpclient.netty.channel.ChannelManager - Adding key: http://localhost:23284 for channel [id: 0x27535f86, L:/127.0.0.1:64330 - R:localhost/127.0.0.1:23284]
11:16:26.788 [Forwarding getCurrentUrl on session 830d92b298b49522c4491844a68d5079 to remote] DEBUG org.asynchttpclient.netty.request.NettyRequestSender - Using pooled Channel '[id: 0x27535f86, L:/127.0.0.1:64330 - R:localhost/127.0.0.1:23284]' for 'GET' to 'http://localhost:23284/session/830d92b298b49522c4491844a68d5079/url'
11:16:26.788 [Forwarding getCurrentUrl on session 830d92b298b49522c4491844a68d5079 to remote] DEBUG org.asynchttpclient.netty.request.NettyRequestSender - Using open Channel [id: 0x27535f86, L:/127.0.0.1:64330 - R:localhost/127.0.0.1:23284] for GET '/session/830d92b298b49522c4491844a68d5079/url'
11:16:26.791 [AsyncHttpClient-1-8] DEBUG org.asynchttpclient.netty.handler.HttpHandler - 

Request DefaultFullHttpRequest(decodeResult: success, version: HTTP/1.1, content: EmptyByteBufBE)
GET /session/830d92b298b49522c4491844a68d5079/url HTTP/1.1
User-Agent: selenium/4.7.1 (java windows)
Cache-Control: no-cache
Content-Type: application/json; charset=utf-8
host: localhost:23284
accept: */*

Response DefaultHttpResponse(decodeResult: success, version: HTTP/1.1)
HTTP/1.1 200 OK
Content-Type: application/json; charset=utf-8
cache-control: no-cache
content-length: 47

11:16:26.791 [AsyncHttpClient-1-8] DEBUG org.asynchttpclient.netty.channel.ChannelManager - Adding key: http://localhost:23284 for channel [id: 0x27535f86, L:/127.0.0.1:64330 - R:localhost/127.0.0.1:23284]
11:16:26.792 [Forwarding screenshot on session 830d92b298b49522c4491844a68d5079 to remote] DEBUG org.asynchttpclient.netty.request.NettyRequestSender - Using pooled Channel '[id: 0x27535f86, L:/127.0.0.1:64330 - R:localhost/127.0.0.1:23284]' for 'GET' to 'http://localhost:23284/session/830d92b298b49522c4491844a68d5079/screenshot'
11:16:26.792 [Forwarding screenshot on session 830d92b298b49522c4491844a68d5079 to remote] DEBUG org.asynchttpclient.netty.request.NettyRequestSender - Using open Channel [id: 0x27535f86, L:/127.0.0.1:64330 - R:localhost/127.0.0.1:23284] for GET '/session/830d92b298b49522c4491844a68d5079/screenshot'
11:16:26.930 [AsyncHttpClient-1-8] DEBUG org.asynchttpclient.netty.handler.HttpHandler - 

Request DefaultFullHttpRequest(decodeResult: success, version: HTTP/1.1, content: EmptyByteBufBE)
GET /session/830d92b298b49522c4491844a68d5079/screenshot HTTP/1.1
User-Agent: selenium/4.7.1 (java windows)
Cache-Control: no-cache
Content-Type: application/json; charset=utf-8
host: localhost:23284
accept: */*

Response DefaultHttpResponse(decodeResult: success, version: HTTP/1.1)
HTTP/1.1 200 OK
Content-Type: application/json; charset=utf-8
cache-control: no-cache
content-length: 121792

11:16:26.930 [AsyncHttpClient-1-8] DEBUG org.asynchttpclient.netty.channel.ChannelManager - Adding key: http://localhost:23284 for channel [id: 0x27535f86, L:/127.0.0.1:64330 - R:localhost/127.0.0.1:23284]
11:16:26.931 [main] DEBUG net.serenitybdd.core.photography.Darkroom - Send negative for processing for target\site\serenity\a0a234126478c172259d6dd85c4fd604aee9323dec203af1583792e73d9ccba9.png
11:16:26.932 [main] INFO  - 
  _____   ___   ___   _____     ___     _     ___   ___   ___   ___  
 |_   _| | __| / __| |_   _|   | _ \   /_\   / __| / __| | __| |   \ 
   | |   | _|  \__ \   | |     |  _/  / _ \  \__ \ \__ \ | _|  | |) |
   |_|   |___| |___/   |_|     |_|   /_/ \_\ |___/ |___/ |___| |___/ 

Cart Scenario
----------------------------------------------------------------------
11:16:26.933 [AsyncHttpClient-1-10] DEBUG org.asynchttpclient.netty.handler.WebSocketHandler - Channel Closed: [id: 0x477ad509, L:/127.0.0.1:64337 ! R:localhost/127.0.0.1:64331] with attribute NettyResponseFuture{currentRetry=0,
	isDone=1,
	isCancelled=0,
	asyncHandler=org.asynchttpclient.ws.WebSocketUpgradeHandler@564b08b2,
	nettyRequest=org.asynchttpclient.netty.request.NettyRequest@13498c1f,
	future=java.util.concurrent.CompletableFuture@54a350c7[Completed normally],
	uri=ws://localhost:64331/devtools/browser/d604cf16-6072-4614-9cbc-a1f489aaa399,
	keepAlive=true,
	redirectCount=0,
	timeoutsHolder=null,
	inAuth=0,
	touch=1677525378380}
11:16:26.933 [AsyncHttpClient-1-10] DEBUG org.asynchttpclient.netty.channel.ChannelManager - Closing Channel [id: 0x477ad509, L:/127.0.0.1:64337 ! R:localhost/127.0.0.1:64331] 
11:16:26.933 [Driver Command Executor] DEBUG org.asynchttpclient.netty.request.NettyRequestSender - Using pooled Channel '[id: 0x27535f86, L:/127.0.0.1:64330 - R:localhost/127.0.0.1:23284]' for 'DELETE' to 'http://localhost:23284/session/830d92b298b49522c4491844a68d5079'
11:16:26.933 [Driver Command Executor] DEBUG org.asynchttpclient.netty.request.NettyRequestSender - Using open Channel [id: 0x27535f86, L:/127.0.0.1:64330 - R:localhost/127.0.0.1:23284] for DELETE '/session/830d92b298b49522c4491844a68d5079'
11:16:26.940 [AsyncHttpClient-1-9] DEBUG org.asynchttpclient.netty.handler.HttpHandler - Unexpected I/O exception on channel [id: 0xa7f63d79, L:/127.0.0.1:64336 - R:localhost/127.0.0.1:64331]
java.net.SocketException: Connection reset
	at java.base/sun.nio.ch.SocketChannelImpl.throwConnectionReset(SocketChannelImpl.java:401)
	at java.base/sun.nio.ch.SocketChannelImpl.read(SocketChannelImpl.java:434)
	at io.netty.buffer.PooledByteBuf.setBytes(PooledByteBuf.java:259)
	at io.netty.buffer.AbstractByteBuf.writeBytes(AbstractByteBuf.java:1132)
	at io.netty.channel.socket.nio.NioSocketChannel.doReadBytes(NioSocketChannel.java:357)
	at io.netty.channel.nio.AbstractNioByteChannel$NioByteUnsafe.read(AbstractNioByteChannel.java:151)
	at io.netty.channel.nio.NioEventLoop.processSelectedKey(NioEventLoop.java:788)
	at io.netty.channel.nio.NioEventLoop.processSelectedKeysOptimized(NioEventLoop.java:724)
	at io.netty.channel.nio.NioEventLoop.processSelectedKeys(NioEventLoop.java:650)
	at io.netty.channel.nio.NioEventLoop.run(NioEventLoop.java:562)
	at io.netty.util.concurrent.SingleThreadEventExecutor$4.run(SingleThreadEventExecutor.java:997)
	at io.netty.util.internal.ThreadExecutorMap$2.run(ThreadExecutorMap.java:74)
	at io.netty.util.concurrent.FastThreadLocalRunnable.run(FastThreadLocalRunnable.java:30)
	at java.base/java.lang.Thread.run(Thread.java:1589)
11:16:26.940 [AsyncHttpClient-1-9] DEBUG org.asynchttpclient.netty.channel.ChannelManager - Closing Channel [id: 0xa7f63d79, L:/127.0.0.1:64336 - R:localhost/127.0.0.1:64331] 
11:16:26.940 [AsyncHttpClient-1-9] DEBUG org.asynchttpclient.netty.handler.HttpHandler - Channel Closed: [id: 0xa7f63d79, L:/127.0.0.1:64336 ! R:localhost/127.0.0.1:64331] with attribute DISCARD
11:16:26.947 [AsyncHttpClient-1-8] DEBUG org.asynchttpclient.netty.handler.HttpHandler - 

Request DefaultFullHttpRequest(decodeResult: success, version: HTTP/1.1, content: EmptyByteBufBE)
DELETE /session/830d92b298b49522c4491844a68d5079 HTTP/1.1
User-Agent: selenium/4.7.1 (java windows)
Content-Type: application/json; charset=utf-8
host: localhost:23284
accept: */*

Response DefaultHttpResponse(decodeResult: success, version: HTTP/1.1)
HTTP/1.1 200 OK
Content-Type: application/json; charset=utf-8
cache-control: no-cache
content-length: 14

11:16:26.947 [AsyncHttpClient-1-8] DEBUG org.asynchttpclient.netty.channel.ChannelManager - Adding key: http://localhost:23284 for channel [id: 0x27535f86, L:/127.0.0.1:64330 - R:localhost/127.0.0.1:23284]
11:16:26.972 [AsyncHttpClient-1-8] DEBUG org.asynchttpclient.netty.handler.HttpHandler - Channel Closed: [id: 0x27535f86, L:/127.0.0.1:64330 ! R:localhost/127.0.0.1:23284] with attribute DISCARD
]]></system-out>
    <system-err><![CDATA[Starting ChromeDriver 110.0.5481.77 (65ed616c6e8ee3fe0ad64fe83796c020644d42af-refs/branch-heads/5481@{#839}) on port 23284
Only local connections are allowed.
Please see https://chromedriver.chromium.org/security-considerations for suggestions on keeping ChromeDriver safe.
ChromeDriver was started successfully.
[1677525378.361][WARNING]: virtual void DevToolsClientImpl::AddListener(DevToolsEventListener *) subscribing a listener to the already connected DevToolsClient. Connection notification will not arrive.
Feb 27, 2023 11:16:18 AM org.openqa.selenium.devtools.CdpVersionFinder findNearestMatch
WARNING: Unable to find an exact match for CDP version 110, so returning the closest version found: 108
]]></system-err>
  </testcase>
</testsuite>