<?xml version="1.0" encoding="UTF-8" standalone="no"?><testsuite errors="0" failures="1" name="Final Project" skipped="1" tests="5" time="53.46" timestamp="2023-03-02 12:22:10"><testcase name="Buying the cheapest jacket"><failure type="java.lang.AssertionError"/><system-err>null&#13;
FinalProject.PO.ProductPO.verifyQuantity(ProductPO.java:83)&#13;
FinalProject.steps.ProductsSteps.iVerifyTheQuantity(ProductsSteps.java:51)&#13;
✽.I verify the quantity(file:///C:/Users/esaug/OneDrive%20-%20advancio.com/Documents/GitHub/Final-Project---SeleniumCourse/src/test/resources/features/SwagLabs.feature:12)&#13;
</system-err></testcase><testcase name="Prueba"><skipped/></testcase><testcase name="Login with standard_user"/><testcase name="Login with locked_out_user and verify locked out message"/><testcase name="Cart Scenario"/></testsuite>